<?xml version="1.0" encoding="UTF-8"?>
<testng-results ignored="0" total="100" passed="86" failed="11" skipped="3">
  <reporter-output>
    <line>
      <![CDATA[OnStart]]>
    </line>
    <line>
      <![CDATA[LoginPage-tc_001 is OnTestStart]]>
    </line>
    <line>
      <![CDATA[testcase pass]]>
    </line>
    <line>
      <![CDATA[LoginPage-tc_002 is OnTestStart]]>
    </line>
    <line>
      <![CDATA[testcase pass]]>
    </line>
    <line>
      <![CDATA[LoginPage-tc_003 is OnTestStart]]>
    </line>
    <line>
      <![CDATA[testcase pass]]>
    </line>
    <line>
      <![CDATA[LoginPage-tc_004 is OnTestStart]]>
    </line>
    <line>
      <![CDATA[testcase pass]]>
    </line>
    <line>
      <![CDATA[LoginPage-tc_005 is OnTestStart]]>
    </line>
    <line>
      <![CDATA[testcase pass]]>
    </line>
    <line>
      <![CDATA[LoginPage-tc_006 is OnTestStart]]>
    </line>
    <line>
      <![CDATA[testcase pass]]>
    </line>
    <line>
      <![CDATA[LoginPage-tc_008 is OnTestStart]]>
    </line>
    <line>
      <![CDATA[LoginPage-tc_008 is OnTestFailure]]>
    </line>
    <line>
      <![CDATA[LoginPage-tc_009 is OnTestStart]]>
    </line>
    <line>
      <![CDATA[LoginPage-tc_009 is OnTestFailure]]>
    </line>
    <line>
      <![CDATA[LoginPage-tc_010 is OnTestStart]]>
    </line>
    <line>
      <![CDATA[LoginPage-tc_010 is OnTestFailure]]>
    </line>
    <line>
      <![CDATA[LoginPage-tc_007 is OnTestStart]]>
    </line>
    <line>
      <![CDATA[LoginPage-tc_007 is OnTestFailure]]>
    </line>
    <line>
      <![CDATA[OnFinish]]>
    </line>
    <line>
      <![CDATA[OnStart]]>
    </line>
    <line>
      <![CDATA[DashboardPage-TC_001 is OnTestStart]]>
    </line>
    <line>
      <![CDATA[testcase pass]]>
    </line>
    <line>
      <![CDATA[DashboardPage-TC_002 is OnTestStart]]>
    </line>
    <line>
      <![CDATA[testcase pass]]>
    </line>
    <line>
      <![CDATA[DashboardPage-TC_003 is OnTestStart]]>
    </line>
    <line>
      <![CDATA[testcase pass]]>
    </line>
    <line>
      <![CDATA[DashboardPage-TC_004 is OnTestStart]]>
    </line>
    <line>
      <![CDATA[testcase pass]]>
    </line>
    <line>
      <![CDATA[DashboardPage-TC_005 is OnTestStart]]>
    </line>
    <line>
      <![CDATA[testcase pass]]>
    </line>
    <line>
      <![CDATA[DashboardPage-TC_006 is OnTestStart]]>
    </line>
    <line>
      <![CDATA[testcase pass]]>
    </line>
    <line>
      <![CDATA[DashboardPage-TC_007 is OnTestStart]]>
    </line>
    <line>
      <![CDATA[testcase pass]]>
    </line>
    <line>
      <![CDATA[DashboardPage-TC_008 is OnTestStart]]>
    </line>
    <line>
      <![CDATA[testcase pass]]>
    </line>
    <line>
      <![CDATA[DashboardPage-TC_009 is OnTestStart]]>
    </line>
    <line>
      <![CDATA[testcase pass]]>
    </line>
    <line>
      <![CDATA[DashboardPage-TC_010 is OnTestStart]]>
    </line>
    <line>
      <![CDATA[DashboardPage-TC_010 is OnTestFailure]]>
    </line>
    <line>
      <![CDATA[OnFinish]]>
    </line>
    <line>
      <![CDATA[OnStart]]>
    </line>
    <line>
      <![CDATA[AdminPage-TC_001 is OnTestStart]]>
    </line>
    <line>
      <![CDATA[testcase pass]]>
    </line>
    <line>
      <![CDATA[AdminPage-TC_002 is OnTestStart]]>
    </line>
    <line>
      <![CDATA[testcase pass]]>
    </line>
    <line>
      <![CDATA[AdminPage-TC_003 is OnTestStart]]>
    </line>
    <line>
      <![CDATA[testcase pass]]>
    </line>
    <line>
      <![CDATA[AdminPage-TC_004 is OnTestStart]]>
    </line>
    <line>
      <![CDATA[testcase pass]]>
    </line>
    <line>
      <![CDATA[AdminPage-TC_005 is OnTestStart]]>
    </line>
    <line>
      <![CDATA[testcase pass]]>
    </line>
    <line>
      <![CDATA[AdminPage-TC_006 is OnTestStart]]>
    </line>
    <line>
      <![CDATA[invalid message is displayed,testcase pass]]>
    </line>
    <line>
      <![CDATA[AdminPage-TC_007 is OnTestStart]]>
    </line>
    <line>
      <![CDATA[testcase pass]]>
    </line>
    <line>
      <![CDATA[AdminPage-TC_008 is OnTestStart]]>
    </line>
    <line>
      <![CDATA[testcase pass]]>
    </line>
    <line>
      <![CDATA[AdminPage-TC_009 is OnTestStart]]>
    </line>
    <line>
      <![CDATA[AdminPage-TC_010 is OnTestStart]]>
    </line>
    <line>
      <![CDATA[OnFinish]]>
    </line>
    <line>
      <![CDATA[OnStart]]>
    </line>
    <line>
      <![CDATA[PimPage-TC_001 is OnTestStart]]>
    </line>
    <line>
      <![CDATA[testcase pass]]>
    </line>
    <line>
      <![CDATA[PimPage-TC_002 is OnTestStart]]>
    </line>
    <line>
      <![CDATA[testcase pass]]>
    </line>
    <line>
      <![CDATA[PimPage-TC_003 is OnTestStart]]>
    </line>
    <line>
      <![CDATA[testcase pass]]>
    </line>
    <line>
      <![CDATA[PimPage-TC_004 is OnTestStart]]>
    </line>
    <line>
      <![CDATA[testcase pass]]>
    </line>
    <line>
      <![CDATA[PimPage-TC_005 is OnTestStart]]>
    </line>
    <line>
      <![CDATA[testcase pass]]>
    </line>
    <line>
      <![CDATA[PimPage-TC_006 is OnTestStart]]>
    </line>
    <line>
      <![CDATA[testcase pass]]>
    </line>
    <line>
      <![CDATA[PimPage-TC_007 is OnTestStart]]>
    </line>
    <line>
      <![CDATA[testcase pass]]>
    </line>
    <line>
      <![CDATA[PimPage-TC_008 is OnTestStart]]>
    </line>
    <line>
      <![CDATA[testcase pass]]>
    </line>
    <line>
      <![CDATA[PimPage-TC_009 is OnTestStart]]>
    </line>
    <line>
      <![CDATA[testcase pass]]>
    </line>
    <line>
      <![CDATA[PimPage-TC_010 is OnTestStart]]>
    </line>
    <line>
      <![CDATA[testcase pass]]>
    </line>
    <line>
      <![CDATA[PimPage-TC_010 is OnTestFailure]]>
    </line>
    <line>
      <![CDATA[OnFinish]]>
    </line>
    <line>
      <![CDATA[OnStart]]>
    </line>
    <line>
      <![CDATA[LeavePage-TC_001 is OnTestStart]]>
    </line>
    <line>
      <![CDATA[testcase pass]]>
    </line>
    <line>
      <![CDATA[LeavePage-TC_002 is OnTestStart]]>
    </line>
    <line>
      <![CDATA[testcase pass]]>
    </line>
    <line>
      <![CDATA[LeavePage-TC_003 is OnTestStart]]>
    </line>
    <line>
      <![CDATA[testcase pass]]>
    </line>
    <line>
      <![CDATA[LeavePage-TC_004 is OnTestStart]]>
    </line>
    <line>
      <![CDATA[testcase pass]]>
    </line>
    <line>
      <![CDATA[LeavePage-TC_005 is OnTestStart]]>
    </line>
    <line>
      <![CDATA[testcase pass]]>
    </line>
    <line>
      <![CDATA[LeavePage-TC_006 is OnTestStart]]>
    </line>
    <line>
      <![CDATA[testcase pass]]>
    </line>
    <line>
      <![CDATA[LeavePage-TC_007 is OnTestStart]]>
    </line>
    <line>
      <![CDATA[testcase pass]]>
    </line>
    <line>
      <![CDATA[LeavePage-TC_008 is OnTestStart]]>
    </line>
    <line>
      <![CDATA[testcase pass]]>
    </line>
    <line>
      <![CDATA[LeavePage-TC_009 is OnTestStart]]>
    </line>
    <line>
      <![CDATA[LeavePage-TC_009 is OnTestFailure]]>
    </line>
    <line>
      <![CDATA[LeavePage-TC_010 is OnTestStart]]>
    </line>
    <line>
      <![CDATA[OnFinish]]>
    </line>
    <line>
      <![CDATA[OnStart]]>
    </line>
    <line>
      <![CDATA[TimePage-tc_001 is OnTestStart]]>
    </line>
    <line>
      <![CDATA[testcase pass]]>
    </line>
    <line>
      <![CDATA[TimePage-tc_002 is OnTestStart]]>
    </line>
    <line>
      <![CDATA[testcase pass]]>
    </line>
    <line>
      <![CDATA[TimePage-tc_003 is OnTestStart]]>
    </line>
    <line>
      <![CDATA[testcase pass]]>
    </line>
    <line>
      <![CDATA[TimePage-tc_004 is OnTestStart]]>
    </line>
    <line>
      <![CDATA[testcase pass]]>
    </line>
    <line>
      <![CDATA[TimePage-tc_005 is OnTestStart]]>
    </line>
    <line>
      <![CDATA[testcase pass]]>
    </line>
    <line>
      <![CDATA[TimePage-tc_005 is OnTestFailure]]>
    </line>
    <line>
      <![CDATA[TimePage-tc_006 is OnTestStart]]>
    </line>
    <line>
      <![CDATA[testcase pass]]>
    </line>
    <line>
      <![CDATA[TimePage-tc_007 is OnTestStart]]>
    </line>
    <line>
      <![CDATA[testcase pass]]>
    </line>
    <line>
      <![CDATA[TimePage-tc_008 is OnTestStart]]>
    </line>
    <line>
      <![CDATA[testcase pass]]>
    </line>
    <line>
      <![CDATA[TimePage-tc_009 is OnTestStart]]>
    </line>
    <line>
      <![CDATA[TimePage-tc_009 is OnTestFailure]]>
    </line>
    <line>
      <![CDATA[TimePage-tc_010 is OnTestStart]]>
    </line>
    <line>
      <![CDATA[testcase pass]]>
    </line>
    <line>
      <![CDATA[OnFinish]]>
    </line>
    <line>
      <![CDATA[OnStart]]>
    </line>
    <line>
      <![CDATA[RecruitmentPage-tc_001 is OnTestStart]]>
    </line>
    <line>
      <![CDATA[testcase pass]]>
    </line>
    <line>
      <![CDATA[RecruitmentPage-tc_002 is OnTestStart]]>
    </line>
    <line>
      <![CDATA[testcase pass]]>
    </line>
    <line>
      <![CDATA[RecruitmentPage-tc_003 is OnTestStart]]>
    </line>
    <line>
      <![CDATA[testcase pass]]>
    </line>
    <line>
      <![CDATA[RecruitmentPage-tc_004 is OnTestStart]]>
    </line>
    <line>
      <![CDATA[testcase pass]]>
    </line>
    <line>
      <![CDATA[RecruitmentPage-tc_005 is OnTestStart]]>
    </line>
    <line>
      <![CDATA[testcase pass]]>
    </line>
    <line>
      <![CDATA[RecruitmentPage-tc_006 is OnTestStart]]>
    </line>
    <line>
      <![CDATA[testcase pass]]>
    </line>
    <line>
      <![CDATA[RecruitmentPage-tc_007 is OnTestStart]]>
    </line>
    <line>
      <![CDATA[testcase pass]]>
    </line>
    <line>
      <![CDATA[RecruitmentPage-tc_008 is OnTestStart]]>
    </line>
    <line>
      <![CDATA[testcase pass]]>
    </line>
    <line>
      <![CDATA[RecruitmentPage-tc_009 is OnTestStart]]>
    </line>
    <line>
      <![CDATA[testcase pass]]>
    </line>
    <line>
      <![CDATA[RecruitmentPage-tc_010 is OnTestStart]]>
    </line>
    <line>
      <![CDATA[testcase pass]]>
    </line>
    <line>
      <![CDATA[OnFinish]]>
    </line>
    <line>
      <![CDATA[OnStart]]>
    </line>
    <line>
      <![CDATA[MyInfoPage-tc_001 is OnTestStart]]>
    </line>
    <line>
      <![CDATA[testcase pass]]>
    </line>
    <line>
      <![CDATA[MyInfoPage-tc_002 is OnTestStart]]>
    </line>
    <line>
      <![CDATA[testcase pass]]>
    </line>
    <line>
      <![CDATA[MyInfoPage-tc_003 is OnTestStart]]>
    </line>
    <line>
      <![CDATA[testcase pass]]>
    </line>
    <line>
      <![CDATA[MyInfoPage-tc_004 is OnTestStart]]>
    </line>
    <line>
      <![CDATA[testcase pass]]>
    </line>
    <line>
      <![CDATA[MyInfoPage-tc_005 is OnTestStart]]>
    </line>
    <line>
      <![CDATA[testcase pass]]>
    </line>
    <line>
      <![CDATA[MyInfoPage-tc_006 is OnTestStart]]>
    </line>
    <line>
      <![CDATA[testcase pass]]>
    </line>
    <line>
      <![CDATA[MyInfoPage-tc_007 is OnTestStart]]>
    </line>
    <line>
      <![CDATA[testcase pass]]>
    </line>
    <line>
      <![CDATA[MyInfoPage-tc_008 is OnTestStart]]>
    </line>
    <line>
      <![CDATA[testcase pass]]>
    </line>
    <line>
      <![CDATA[MyInfoPage-tc_009 is OnTestStart]]>
    </line>
    <line>
      <![CDATA[testcase pass]]>
    </line>
    <line>
      <![CDATA[MyInfoPage-tc_010 is OnTestStart]]>
    </line>
    <line>
      <![CDATA[testcase pass]]>
    </line>
    <line>
      <![CDATA[OnFinish]]>
    </line>
    <line>
      <![CDATA[OnStart]]>
    </line>
    <line>
      <![CDATA[PerformancePage-tc_001 is OnTestStart]]>
    </line>
    <line>
      <![CDATA[testcase pass]]>
    </line>
    <line>
      <![CDATA[PerformancePage-tc_002 is OnTestStart]]>
    </line>
    <line>
      <![CDATA[testcase pass]]>
    </line>
    <line>
      <![CDATA[PerformancePage-tc_003 is OnTestStart]]>
    </line>
    <line>
      <![CDATA[testcase pass]]>
    </line>
    <line>
      <![CDATA[PerformancePage-tc_004 is OnTestStart]]>
    </line>
    <line>
      <![CDATA[testcase pass]]>
    </line>
    <line>
      <![CDATA[PerformancePage-tc_005 is OnTestStart]]>
    </line>
    <line>
      <![CDATA[testcase pass]]>
    </line>
    <line>
      <![CDATA[PerformancePage-tc_006 is OnTestStart]]>
    </line>
    <line>
      <![CDATA[testcase pass]]>
    </line>
    <line>
      <![CDATA[PerformancePage-tc_007 is OnTestStart]]>
    </line>
    <line>
      <![CDATA[PerformancePage-tc_007 is OnTestFailure]]>
    </line>
    <line>
      <![CDATA[PerformancePage-tc_008 is OnTestStart]]>
    </line>
    <line>
      <![CDATA[PerformancePage-tc_008 is OnTestFailure]]>
    </line>
    <line>
      <![CDATA[PerformancePage-tc_009 is OnTestStart]]>
    </line>
    <line>
      <![CDATA[testcase pass]]>
    </line>
    <line>
      <![CDATA[PerformancePage-tc_010 is OnTestStart]]>
    </line>
    <line>
      <![CDATA[testcase pass]]>
    </line>
    <line>
      <![CDATA[OnFinish]]>
    </line>
    <line>
      <![CDATA[OnStart]]>
    </line>
    <line>
      <![CDATA[ClaimPage-tc_001 is OnTestStart]]>
    </line>
    <line>
      <![CDATA[testcase pass]]>
    </line>
    <line>
      <![CDATA[ClaimPage-tc_002 is OnTestStart]]>
    </line>
    <line>
      <![CDATA[testcase pass]]>
    </line>
    <line>
      <![CDATA[ClaimPage-tc_003 is OnTestStart]]>
    </line>
    <line>
      <![CDATA[testcase pass]]>
    </line>
    <line>
      <![CDATA[ClaimPage-tc_004 is OnTestStart]]>
    </line>
    <line>
      <![CDATA[testcase pass]]>
    </line>
    <line>
      <![CDATA[ClaimPage-tc_005 is OnTestStart]]>
    </line>
    <line>
      <![CDATA[testcase pass]]>
    </line>
    <line>
      <![CDATA[ClaimPage-tc_006 is OnTestStart]]>
    </line>
    <line>
      <![CDATA[testcase pass]]>
    </line>
    <line>
      <![CDATA[ClaimPage-tc_007 is OnTestStart]]>
    </line>
    <line>
      <![CDATA[testcase pass]]>
    </line>
    <line>
      <![CDATA[ClaimPage-tc_008 is OnTestStart]]>
    </line>
    <line>
      <![CDATA[testcase pass]]>
    </line>
    <line>
      <![CDATA[ClaimPage-tc_009 is OnTestStart]]>
    </line>
    <line>
      <![CDATA[testcase pass]]>
    </line>
    <line>
      <![CDATA[ClaimPage-tc_010 is OnTestStart]]>
    </line>
    <line>
      <![CDATA[testcase pass]]>
    </line>
  </reporter-output>
  <suite started-at="2026-01-02T11:18:17 IST" name="HybridSuite" finished-at="2026-01-02T11:47:21 IST" duration-ms="1744020">
    <groups>
    </groups>
    <test started-at="2026-01-02T11:18:17 IST" name="LoginModule" finished-at="2026-01-02T11:20:40 IST" duration-ms="142762">
      <class name="Functional.LoginPage">
        <test-method is-config="true" signature="preCondition()[pri:0, instance:Functional.LoginPage@22555ebf]" started-at="2026-01-02T11:18:18 IST" name="preCondition" finished-at="2026-01-02T11:18:29 IST" duration-ms="10106" status="PASS">
          <reporter-output>
          </reporter-output>
        </test-method> <!-- preCondition -->
        <test-method signature="tc_001()[pri:0, instance:Functional.LoginPage@22555ebf]" started-at="2026-01-02T11:18:29 IST" name="tc_001" finished-at="2026-01-02T11:18:30 IST" duration-ms="952" status="PASS">
          <reporter-output>
            <line>
              <![CDATA[LoginPage-tc_001 is OnTestStart]]>
            </line>
            <line>
              <![CDATA[testcase pass]]>
            </line>
          </reporter-output>
        </test-method> <!-- tc_001 -->
        <test-method is-config="true" signature="postCondition()[pri:0, instance:Functional.LoginPage@22555ebf]" started-at="2026-01-02T11:18:30 IST" name="postCondition" finished-at="2026-01-02T11:18:30 IST" duration-ms="285" status="PASS">
          <reporter-output>
          </reporter-output>
        </test-method> <!-- postCondition -->
        <test-method is-config="true" signature="preCondition()[pri:0, instance:Functional.LoginPage@22555ebf]" started-at="2026-01-02T11:18:30 IST" name="preCondition" finished-at="2026-01-02T11:18:38 IST" duration-ms="7926" status="PASS">
          <reporter-output>
          </reporter-output>
        </test-method> <!-- preCondition -->
        <test-method signature="tc_002()[pri:0, instance:Functional.LoginPage@22555ebf]" started-at="2026-01-02T11:18:38 IST" name="tc_002" finished-at="2026-01-02T11:18:39 IST" duration-ms="1060" status="PASS">
          <reporter-output>
            <line>
              <![CDATA[LoginPage-tc_002 is OnTestStart]]>
            </line>
            <line>
              <![CDATA[testcase pass]]>
            </line>
          </reporter-output>
        </test-method> <!-- tc_002 -->
        <test-method is-config="true" signature="postCondition()[pri:0, instance:Functional.LoginPage@22555ebf]" started-at="2026-01-02T11:18:39 IST" name="postCondition" finished-at="2026-01-02T11:18:39 IST" duration-ms="271" status="PASS">
          <reporter-output>
          </reporter-output>
        </test-method> <!-- postCondition -->
        <test-method is-config="true" signature="preCondition()[pri:0, instance:Functional.LoginPage@22555ebf]" started-at="2026-01-02T11:18:39 IST" name="preCondition" finished-at="2026-01-02T11:18:47 IST" duration-ms="8379" status="PASS">
          <reporter-output>
          </reporter-output>
        </test-method> <!-- preCondition -->
        <test-method signature="tc_003()[pri:0, instance:Functional.LoginPage@22555ebf]" started-at="2026-01-02T11:18:47 IST" name="tc_003" finished-at="2026-01-02T11:18:49 IST" duration-ms="1764" status="PASS">
          <reporter-output>
            <line>
              <![CDATA[LoginPage-tc_003 is OnTestStart]]>
            </line>
            <line>
              <![CDATA[testcase pass]]>
            </line>
          </reporter-output>
        </test-method> <!-- tc_003 -->
        <test-method is-config="true" signature="postCondition()[pri:0, instance:Functional.LoginPage@22555ebf]" started-at="2026-01-02T11:18:49 IST" name="postCondition" finished-at="2026-01-02T11:18:50 IST" duration-ms="284" status="PASS">
          <reporter-output>
          </reporter-output>
        </test-method> <!-- postCondition -->
        <test-method is-config="true" signature="preCondition()[pri:0, instance:Functional.LoginPage@22555ebf]" started-at="2026-01-02T11:18:50 IST" name="preCondition" finished-at="2026-01-02T11:18:59 IST" duration-ms="9633" status="PASS">
          <reporter-output>
          </reporter-output>
        </test-method> <!-- preCondition -->
        <test-method signature="tc_004()[pri:0, instance:Functional.LoginPage@22555ebf]" started-at="2026-01-02T11:18:59 IST" name="tc_004" finished-at="2026-01-02T11:19:02 IST" duration-ms="2425" status="PASS">
          <reporter-output>
            <line>
              <![CDATA[LoginPage-tc_004 is OnTestStart]]>
            </line>
            <line>
              <![CDATA[testcase pass]]>
            </line>
          </reporter-output>
        </test-method> <!-- tc_004 -->
        <test-method is-config="true" signature="postCondition()[pri:0, instance:Functional.LoginPage@22555ebf]" started-at="2026-01-02T11:19:02 IST" name="postCondition" finished-at="2026-01-02T11:19:02 IST" duration-ms="263" status="PASS">
          <reporter-output>
          </reporter-output>
        </test-method> <!-- postCondition -->
        <test-method is-config="true" signature="preCondition()[pri:0, instance:Functional.LoginPage@22555ebf]" started-at="2026-01-02T11:19:02 IST" name="preCondition" finished-at="2026-01-02T11:19:12 IST" duration-ms="9804" status="PASS">
          <reporter-output>
          </reporter-output>
        </test-method> <!-- preCondition -->
        <test-method signature="tc_005()[pri:0, instance:Functional.LoginPage@22555ebf]" started-at="2026-01-02T11:19:12 IST" name="tc_005" finished-at="2026-01-02T11:19:13 IST" duration-ms="1128" status="PASS">
          <reporter-output>
            <line>
              <![CDATA[LoginPage-tc_005 is OnTestStart]]>
            </line>
            <line>
              <![CDATA[testcase pass]]>
            </line>
          </reporter-output>
        </test-method> <!-- tc_005 -->
        <test-method is-config="true" signature="postCondition()[pri:0, instance:Functional.LoginPage@22555ebf]" started-at="2026-01-02T11:19:13 IST" name="postCondition" finished-at="2026-01-02T11:19:13 IST" duration-ms="242" status="PASS">
          <reporter-output>
          </reporter-output>
        </test-method> <!-- postCondition -->
        <test-method is-config="true" signature="preCondition()[pri:0, instance:Functional.LoginPage@22555ebf]" started-at="2026-01-02T11:19:13 IST" name="preCondition" finished-at="2026-01-02T11:19:23 IST" duration-ms="10176" status="PASS">
          <reporter-output>
          </reporter-output>
        </test-method> <!-- preCondition -->
        <test-method signature="tc_006()[pri:0, instance:Functional.LoginPage@22555ebf]" started-at="2026-01-02T11:19:23 IST" name="tc_006" finished-at="2026-01-02T11:19:28 IST" duration-ms="4746" status="PASS">
          <reporter-output>
            <line>
              <![CDATA[LoginPage-tc_006 is OnTestStart]]>
            </line>
            <line>
              <![CDATA[testcase pass]]>
            </line>
          </reporter-output>
        </test-method> <!-- tc_006 -->
        <test-method is-config="true" signature="postCondition()[pri:0, instance:Functional.LoginPage@22555ebf]" started-at="2026-01-02T11:19:28 IST" name="postCondition" finished-at="2026-01-02T11:19:28 IST" duration-ms="402" status="PASS">
          <reporter-output>
          </reporter-output>
        </test-method> <!-- postCondition -->
        <test-method is-config="true" signature="preCondition()[pri:0, instance:Functional.LoginPage@22555ebf]" started-at="2026-01-02T11:19:28 IST" name="preCondition" finished-at="2026-01-02T11:19:39 IST" duration-ms="10906" status="PASS">
          <reporter-output>
          </reporter-output>
        </test-method> <!-- preCondition -->
        <test-method signature="tc_008()[pri:0, instance:Functional.LoginPage@22555ebf]" started-at="2026-01-02T11:19:39 IST" name="tc_008" finished-at="2026-01-02T11:19:45 IST" duration-ms="6178" status="FAIL">
          <exception class="java.lang.AssertionError">
            <message>
              <![CDATA[testcase fail because of invalid data expected [true] but found [false]]]>
            </message>
            <full-stacktrace>
              <![CDATA[java.lang.AssertionError: testcase fail because of invalid data expected [true] but found [false]
at org.testng.Assert.fail(Assert.java:111)
at org.testng.Assert.failNotEquals(Assert.java:1590)
at org.testng.Assert.assertTrue(Assert.java:57)
at Functional.LoginPage.tc_008(LoginPage.java:100)
at java.base/jdk.internal.reflect.DirectMethodHandleAccessor.invoke(DirectMethodHandleAccessor.java:103)
at java.base/java.lang.reflect.Method.invoke(Method.java:580)
at org.testng.internal.invokers.MethodInvocationHelper.invokeMethod(MethodInvocationHelper.java:141)
at org.testng.internal.invokers.TestInvoker.invokeMethod(TestInvoker.java:687)
at org.testng.internal.invokers.TestInvoker.invokeTestMethod(TestInvoker.java:230)
at org.testng.internal.invokers.MethodRunner.runInSequence(MethodRunner.java:63)
at org.testng.internal.invokers.TestInvoker$MethodInvocationAgent.invoke(TestInvoker.java:995)
at org.testng.internal.invokers.TestInvoker.invokeTestMethods(TestInvoker.java:203)
at org.testng.internal.invokers.TestMethodWorker.invokeTestMethods(TestMethodWorker.java:154)
at org.testng.internal.invokers.TestMethodWorker.run(TestMethodWorker.java:134)
at java.base/java.util.ArrayList.forEach(ArrayList.java:1596)
at org.testng.TestRunner.privateRun(TestRunner.java:741)
at org.testng.TestRunner.run(TestRunner.java:616)
at org.testng.SuiteRunner.runTest(SuiteRunner.java:421)
at org.testng.SuiteRunner.runSequentially(SuiteRunner.java:413)
at org.testng.SuiteRunner.privateRun(SuiteRunner.java:373)
at org.testng.SuiteRunner.run(SuiteRunner.java:312)
at org.testng.SuiteRunnerWorker.runSuite(SuiteRunnerWorker.java:52)
at org.testng.SuiteRunnerWorker.run(SuiteRunnerWorker.java:95)
at org.testng.TestNG.runSuitesSequentially(TestNG.java:1274)
at org.testng.TestNG.runSuitesLocally(TestNG.java:1208)
at org.testng.TestNG.runSuites(TestNG.java:1112)
at org.testng.TestNG.run(TestNG.java:1079)
at org.testng.remote.AbstractRemoteTestNG.run(AbstractRemoteTestNG.java:115)
at org.testng.remote.RemoteTestNG.initAndRun(RemoteTestNG.java:293)
at org.testng.remote.RemoteTestNG.main(RemoteTestNG.java:91)
]]>
            </full-stacktrace>
          </exception> <!-- java.lang.AssertionError -->
          <reporter-output>
            <line>
              <![CDATA[LoginPage-tc_008 is OnTestStart]]>
            </line>
            <line>
              <![CDATA[LoginPage-tc_008 is OnTestFailure]]>
            </line>
          </reporter-output>
        </test-method> <!-- tc_008 -->
        <test-method is-config="true" signature="postCondition()[pri:0, instance:Functional.LoginPage@22555ebf]" started-at="2026-01-02T11:19:46 IST" name="postCondition" finished-at="2026-01-02T11:19:46 IST" duration-ms="407" status="PASS">
          <reporter-output>
          </reporter-output>
        </test-method> <!-- postCondition -->
        <test-method is-config="true" signature="preCondition()[pri:0, instance:Functional.LoginPage@22555ebf]" started-at="2026-01-02T11:19:46 IST" name="preCondition" finished-at="2026-01-02T11:19:55 IST" duration-ms="8860" status="PASS">
          <reporter-output>
          </reporter-output>
        </test-method> <!-- preCondition -->
        <test-method signature="tc_009()[pri:0, instance:Functional.LoginPage@22555ebf]" started-at="2026-01-02T11:19:55 IST" name="tc_009" finished-at="2026-01-02T11:20:02 IST" duration-ms="6742" status="FAIL">
          <exception class="java.lang.AssertionError">
            <message>
              <![CDATA[testcase fail because of invalid data expected [true] but found [false]]]>
            </message>
            <full-stacktrace>
              <![CDATA[java.lang.AssertionError: testcase fail because of invalid data expected [true] but found [false]
at org.testng.Assert.fail(Assert.java:111)
at org.testng.Assert.failNotEquals(Assert.java:1590)
at org.testng.Assert.assertTrue(Assert.java:57)
at Functional.LoginPage.tc_009(LoginPage.java:112)
at java.base/jdk.internal.reflect.DirectMethodHandleAccessor.invoke(DirectMethodHandleAccessor.java:103)
at java.base/java.lang.reflect.Method.invoke(Method.java:580)
at org.testng.internal.invokers.MethodInvocationHelper.invokeMethod(MethodInvocationHelper.java:141)
at org.testng.internal.invokers.TestInvoker.invokeMethod(TestInvoker.java:687)
at org.testng.internal.invokers.TestInvoker.invokeTestMethod(TestInvoker.java:230)
at org.testng.internal.invokers.MethodRunner.runInSequence(MethodRunner.java:63)
at org.testng.internal.invokers.TestInvoker$MethodInvocationAgent.invoke(TestInvoker.java:995)
at org.testng.internal.invokers.TestInvoker.invokeTestMethods(TestInvoker.java:203)
at org.testng.internal.invokers.TestMethodWorker.invokeTestMethods(TestMethodWorker.java:154)
at org.testng.internal.invokers.TestMethodWorker.run(TestMethodWorker.java:134)
at java.base/java.util.ArrayList.forEach(ArrayList.java:1596)
at org.testng.TestRunner.privateRun(TestRunner.java:741)
at org.testng.TestRunner.run(TestRunner.java:616)
at org.testng.SuiteRunner.runTest(SuiteRunner.java:421)
at org.testng.SuiteRunner.runSequentially(SuiteRunner.java:413)
at org.testng.SuiteRunner.privateRun(SuiteRunner.java:373)
at org.testng.SuiteRunner.run(SuiteRunner.java:312)
at org.testng.SuiteRunnerWorker.runSuite(SuiteRunnerWorker.java:52)
at org.testng.SuiteRunnerWorker.run(SuiteRunnerWorker.java:95)
at org.testng.TestNG.runSuitesSequentially(TestNG.java:1274)
at org.testng.TestNG.runSuitesLocally(TestNG.java:1208)
at org.testng.TestNG.runSuites(TestNG.java:1112)
at org.testng.TestNG.run(TestNG.java:1079)
at org.testng.remote.AbstractRemoteTestNG.run(AbstractRemoteTestNG.java:115)
at org.testng.remote.RemoteTestNG.initAndRun(RemoteTestNG.java:293)
at org.testng.remote.RemoteTestNG.main(RemoteTestNG.java:91)
]]>
            </full-stacktrace>
          </exception> <!-- java.lang.AssertionError -->
          <reporter-output>
            <line>
              <![CDATA[LoginPage-tc_009 is OnTestStart]]>
            </line>
            <line>
              <![CDATA[LoginPage-tc_009 is OnTestFailure]]>
            </line>
          </reporter-output>
        </test-method> <!-- tc_009 -->
        <test-method is-config="true" signature="postCondition()[pri:0, instance:Functional.LoginPage@22555ebf]" started-at="2026-01-02T11:20:02 IST" name="postCondition" finished-at="2026-01-02T11:20:04 IST" duration-ms="2365" status="PASS">
          <reporter-output>
          </reporter-output>
        </test-method> <!-- postCondition -->
        <test-method is-config="true" signature="preCondition()[pri:0, instance:Functional.LoginPage@22555ebf]" started-at="2026-01-02T11:20:04 IST" name="preCondition" finished-at="2026-01-02T11:20:16 IST" duration-ms="11996" status="PASS">
          <reporter-output>
          </reporter-output>
        </test-method> <!-- preCondition -->
        <test-method signature="tc_010()[pri:0, instance:Functional.LoginPage@22555ebf]" started-at="2026-01-02T11:20:16 IST" name="tc_010" finished-at="2026-01-02T11:20:21 IST" duration-ms="4584" status="FAIL">
          <exception class="java.lang.AssertionError">
            <message>
              <![CDATA[testcase fail because of invalid data expected [true] but found [false]]]>
            </message>
            <full-stacktrace>
              <![CDATA[java.lang.AssertionError: testcase fail because of invalid data expected [true] but found [false]
at org.testng.Assert.fail(Assert.java:111)
at org.testng.Assert.failNotEquals(Assert.java:1590)
at org.testng.Assert.assertTrue(Assert.java:57)
at Functional.LoginPage.tc_010(LoginPage.java:124)
at java.base/jdk.internal.reflect.DirectMethodHandleAccessor.invoke(DirectMethodHandleAccessor.java:103)
at java.base/java.lang.reflect.Method.invoke(Method.java:580)
at org.testng.internal.invokers.MethodInvocationHelper.invokeMethod(MethodInvocationHelper.java:141)
at org.testng.internal.invokers.TestInvoker.invokeMethod(TestInvoker.java:687)
at org.testng.internal.invokers.TestInvoker.invokeTestMethod(TestInvoker.java:230)
at org.testng.internal.invokers.MethodRunner.runInSequence(MethodRunner.java:63)
at org.testng.internal.invokers.TestInvoker$MethodInvocationAgent.invoke(TestInvoker.java:995)
at org.testng.internal.invokers.TestInvoker.invokeTestMethods(TestInvoker.java:203)
at org.testng.internal.invokers.TestMethodWorker.invokeTestMethods(TestMethodWorker.java:154)
at org.testng.internal.invokers.TestMethodWorker.run(TestMethodWorker.java:134)
at java.base/java.util.ArrayList.forEach(ArrayList.java:1596)
at org.testng.TestRunner.privateRun(TestRunner.java:741)
at org.testng.TestRunner.run(TestRunner.java:616)
at org.testng.SuiteRunner.runTest(SuiteRunner.java:421)
at org.testng.SuiteRunner.runSequentially(SuiteRunner.java:413)
at org.testng.SuiteRunner.privateRun(SuiteRunner.java:373)
at org.testng.SuiteRunner.run(SuiteRunner.java:312)
at org.testng.SuiteRunnerWorker.runSuite(SuiteRunnerWorker.java:52)
at org.testng.SuiteRunnerWorker.run(SuiteRunnerWorker.java:95)
at org.testng.TestNG.runSuitesSequentially(TestNG.java:1274)
at org.testng.TestNG.runSuitesLocally(TestNG.java:1208)
at org.testng.TestNG.runSuites(TestNG.java:1112)
at org.testng.TestNG.run(TestNG.java:1079)
at org.testng.remote.AbstractRemoteTestNG.run(AbstractRemoteTestNG.java:115)
at org.testng.remote.RemoteTestNG.initAndRun(RemoteTestNG.java:293)
at org.testng.remote.RemoteTestNG.main(RemoteTestNG.java:91)
]]>
            </full-stacktrace>
          </exception> <!-- java.lang.AssertionError -->
          <reporter-output>
            <line>
              <![CDATA[LoginPage-tc_010 is OnTestStart]]>
            </line>
            <line>
              <![CDATA[LoginPage-tc_010 is OnTestFailure]]>
            </line>
          </reporter-output>
        </test-method> <!-- tc_010 -->
        <test-method is-config="true" signature="postCondition()[pri:0, instance:Functional.LoginPage@22555ebf]" started-at="2026-01-02T11:20:21 IST" name="postCondition" finished-at="2026-01-02T11:20:21 IST" duration-ms="264" status="PASS">
          <reporter-output>
          </reporter-output>
        </test-method> <!-- postCondition -->
        <test-method is-config="true" signature="preCondition()[pri:0, instance:Functional.LoginPage@22555ebf]" started-at="2026-01-02T11:20:21 IST" name="preCondition" finished-at="2026-01-02T11:20:35 IST" duration-ms="13866" status="PASS">
          <reporter-output>
          </reporter-output>
        </test-method> <!-- preCondition -->
        <test-method signature="tc_007()[pri:7, instance:Functional.LoginPage@22555ebf]" started-at="2026-01-02T11:20:35 IST" name="tc_007" finished-at="2026-01-02T11:20:40 IST" duration-ms="4499" status="FAIL">
          <exception class="java.lang.AssertionError">
            <message>
              <![CDATA[testcase fail because of invalid data expected [true] but found [false]]]>
            </message>
            <full-stacktrace>
              <![CDATA[java.lang.AssertionError: testcase fail because of invalid data expected [true] but found [false]
at org.testng.Assert.fail(Assert.java:111)
at org.testng.Assert.failNotEquals(Assert.java:1590)
at org.testng.Assert.assertTrue(Assert.java:57)
at Functional.LoginPage.tc_007(LoginPage.java:87)
at java.base/jdk.internal.reflect.DirectMethodHandleAccessor.invoke(DirectMethodHandleAccessor.java:103)
at java.base/java.lang.reflect.Method.invoke(Method.java:580)
at org.testng.internal.invokers.MethodInvocationHelper.invokeMethod(MethodInvocationHelper.java:141)
at org.testng.internal.invokers.TestInvoker.invokeMethod(TestInvoker.java:687)
at org.testng.internal.invokers.TestInvoker.invokeTestMethod(TestInvoker.java:230)
at org.testng.internal.invokers.MethodRunner.runInSequence(MethodRunner.java:63)
at org.testng.internal.invokers.TestInvoker$MethodInvocationAgent.invoke(TestInvoker.java:995)
at org.testng.internal.invokers.TestInvoker.invokeTestMethods(TestInvoker.java:203)
at org.testng.internal.invokers.TestMethodWorker.invokeTestMethods(TestMethodWorker.java:154)
at org.testng.internal.invokers.TestMethodWorker.run(TestMethodWorker.java:134)
at java.base/java.util.ArrayList.forEach(ArrayList.java:1596)
at org.testng.TestRunner.privateRun(TestRunner.java:741)
at org.testng.TestRunner.run(TestRunner.java:616)
at org.testng.SuiteRunner.runTest(SuiteRunner.java:421)
at org.testng.SuiteRunner.runSequentially(SuiteRunner.java:413)
at org.testng.SuiteRunner.privateRun(SuiteRunner.java:373)
at org.testng.SuiteRunner.run(SuiteRunner.java:312)
at org.testng.SuiteRunnerWorker.runSuite(SuiteRunnerWorker.java:52)
at org.testng.SuiteRunnerWorker.run(SuiteRunnerWorker.java:95)
at org.testng.TestNG.runSuitesSequentially(TestNG.java:1274)
at org.testng.TestNG.runSuitesLocally(TestNG.java:1208)
at org.testng.TestNG.runSuites(TestNG.java:1112)
at org.testng.TestNG.run(TestNG.java:1079)
at org.testng.remote.AbstractRemoteTestNG.run(AbstractRemoteTestNG.java:115)
at org.testng.remote.RemoteTestNG.initAndRun(RemoteTestNG.java:293)
at org.testng.remote.RemoteTestNG.main(RemoteTestNG.java:91)
]]>
            </full-stacktrace>
          </exception> <!-- java.lang.AssertionError -->
          <reporter-output>
            <line>
              <![CDATA[LoginPage-tc_007 is OnTestStart]]>
            </line>
            <line>
              <![CDATA[LoginPage-tc_007 is OnTestFailure]]>
            </line>
          </reporter-output>
        </test-method> <!-- tc_007 -->
        <test-method is-config="true" signature="postCondition()[pri:0, instance:Functional.LoginPage@22555ebf]" started-at="2026-01-02T11:20:40 IST" name="postCondition" finished-at="2026-01-02T11:20:40 IST" duration-ms="263" status="PASS">
          <reporter-output>
          </reporter-output>
        </test-method> <!-- postCondition -->
      </class> <!-- Functional.LoginPage -->
    </test> <!-- LoginModule -->
    <test started-at="2026-01-02T11:20:43 IST" name="DashboardModule" finished-at="2026-01-02T11:22:48 IST" duration-ms="124979">
      <class name="Functional.DashboardPage">
        <test-method is-config="true" signature="preCondition()[pri:0, instance:Functional.DashboardPage@6a2f6f80]" started-at="2026-01-02T11:20:43 IST" name="preCondition" finished-at="2026-01-02T11:20:55 IST" duration-ms="11863" status="PASS">
          <reporter-output>
          </reporter-output>
        </test-method> <!-- preCondition -->
        <test-method is-config="true" signature="login()[pri:0, instance:Functional.DashboardPage@6a2f6f80]" started-at="2026-01-02T11:20:55 IST" name="login" finished-at="2026-01-02T11:21:00 IST" duration-ms="5609" status="PASS">
          <reporter-output>
          </reporter-output>
        </test-method> <!-- login -->
        <test-method signature="TC_001()[pri:0, instance:Functional.DashboardPage@6a2f6f80]" started-at="2026-01-02T11:21:00 IST" name="TC_001" finished-at="2026-01-02T11:21:01 IST" duration-ms="1274" status="PASS">
          <reporter-output>
            <line>
              <![CDATA[DashboardPage-TC_001 is OnTestStart]]>
            </line>
            <line>
              <![CDATA[testcase pass]]>
            </line>
          </reporter-output>
        </test-method> <!-- TC_001 -->
        <test-method is-config="true" signature="logout()[pri:0, instance:Functional.DashboardPage@6a2f6f80]" started-at="2026-01-02T11:21:01 IST" name="logout" finished-at="2026-01-02T11:21:06 IST" duration-ms="4316" status="PASS">
          <reporter-output>
          </reporter-output>
        </test-method> <!-- logout -->
        <test-method is-config="true" signature="login()[pri:0, instance:Functional.DashboardPage@6a2f6f80]" started-at="2026-01-02T11:21:06 IST" name="login" finished-at="2026-01-02T11:21:10 IST" duration-ms="4204" status="PASS">
          <reporter-output>
          </reporter-output>
        </test-method> <!-- login -->
        <test-method signature="TC_002()[pri:0, instance:Functional.DashboardPage@6a2f6f80]" started-at="2026-01-02T11:21:10 IST" name="TC_002" finished-at="2026-01-02T11:21:10 IST" duration-ms="293" status="PASS">
          <reporter-output>
            <line>
              <![CDATA[DashboardPage-TC_002 is OnTestStart]]>
            </line>
            <line>
              <![CDATA[testcase pass]]>
            </line>
          </reporter-output>
        </test-method> <!-- TC_002 -->
        <test-method is-config="true" signature="logout()[pri:0, instance:Functional.DashboardPage@6a2f6f80]" started-at="2026-01-02T11:21:10 IST" name="logout" finished-at="2026-01-02T11:21:15 IST" duration-ms="4821" status="PASS">
          <reporter-output>
          </reporter-output>
        </test-method> <!-- logout -->
        <test-method is-config="true" signature="login()[pri:0, instance:Functional.DashboardPage@6a2f6f80]" started-at="2026-01-02T11:21:15 IST" name="login" finished-at="2026-01-02T11:21:19 IST" duration-ms="4240" status="PASS">
          <reporter-output>
          </reporter-output>
        </test-method> <!-- login -->
        <test-method signature="TC_003()[pri:0, instance:Functional.DashboardPage@6a2f6f80]" started-at="2026-01-02T11:21:19 IST" name="TC_003" finished-at="2026-01-02T11:21:25 IST" duration-ms="5170" status="PASS">
          <reporter-output>
            <line>
              <![CDATA[DashboardPage-TC_003 is OnTestStart]]>
            </line>
            <line>
              <![CDATA[testcase pass]]>
            </line>
          </reporter-output>
        </test-method> <!-- TC_003 -->
        <test-method is-config="true" signature="logout()[pri:0, instance:Functional.DashboardPage@6a2f6f80]" started-at="2026-01-02T11:21:25 IST" name="logout" finished-at="2026-01-02T11:21:29 IST" duration-ms="4299" status="PASS">
          <reporter-output>
          </reporter-output>
        </test-method> <!-- logout -->
        <test-method is-config="true" signature="login()[pri:0, instance:Functional.DashboardPage@6a2f6f80]" started-at="2026-01-02T11:21:29 IST" name="login" finished-at="2026-01-02T11:21:33 IST" duration-ms="4160" status="PASS">
          <reporter-output>
          </reporter-output>
        </test-method> <!-- login -->
        <test-method signature="TC_004()[pri:0, instance:Functional.DashboardPage@6a2f6f80]" started-at="2026-01-02T11:21:33 IST" name="TC_004" finished-at="2026-01-02T11:21:37 IST" duration-ms="4192" status="PASS">
          <reporter-output>
            <line>
              <![CDATA[DashboardPage-TC_004 is OnTestStart]]>
            </line>
            <line>
              <![CDATA[testcase pass]]>
            </line>
          </reporter-output>
        </test-method> <!-- TC_004 -->
        <test-method is-config="true" signature="logout()[pri:0, instance:Functional.DashboardPage@6a2f6f80]" started-at="2026-01-02T11:21:37 IST" name="logout" finished-at="2026-01-02T11:21:42 IST" duration-ms="5035" status="PASS">
          <reporter-output>
          </reporter-output>
        </test-method> <!-- logout -->
        <test-method is-config="true" signature="login()[pri:0, instance:Functional.DashboardPage@6a2f6f80]" started-at="2026-01-02T11:21:42 IST" name="login" finished-at="2026-01-02T11:21:46 IST" duration-ms="4251" status="PASS">
          <reporter-output>
          </reporter-output>
        </test-method> <!-- login -->
        <test-method signature="TC_005()[pri:0, instance:Functional.DashboardPage@6a2f6f80]" started-at="2026-01-02T11:21:46 IST" name="TC_005" finished-at="2026-01-02T11:21:50 IST" duration-ms="3483" status="PASS">
          <reporter-output>
            <line>
              <![CDATA[DashboardPage-TC_005 is OnTestStart]]>
            </line>
            <line>
              <![CDATA[testcase pass]]>
            </line>
          </reporter-output>
        </test-method> <!-- TC_005 -->
        <test-method is-config="true" signature="logout()[pri:0, instance:Functional.DashboardPage@6a2f6f80]" started-at="2026-01-02T11:21:50 IST" name="logout" finished-at="2026-01-02T11:21:54 IST" duration-ms="4049" status="PASS">
          <reporter-output>
          </reporter-output>
        </test-method> <!-- logout -->
        <test-method is-config="true" signature="login()[pri:0, instance:Functional.DashboardPage@6a2f6f80]" started-at="2026-01-02T11:21:54 IST" name="login" finished-at="2026-01-02T11:21:58 IST" duration-ms="4340" status="PASS">
          <reporter-output>
          </reporter-output>
        </test-method> <!-- login -->
        <test-method signature="TC_006()[pri:0, instance:Functional.DashboardPage@6a2f6f80]" started-at="2026-01-02T11:21:58 IST" name="TC_006" finished-at="2026-01-02T11:22:01 IST" duration-ms="2513" status="PASS">
          <reporter-output>
            <line>
              <![CDATA[DashboardPage-TC_006 is OnTestStart]]>
            </line>
            <line>
              <![CDATA[testcase pass]]>
            </line>
          </reporter-output>
        </test-method> <!-- TC_006 -->
        <test-method is-config="true" signature="logout()[pri:0, instance:Functional.DashboardPage@6a2f6f80]" started-at="2026-01-02T11:22:01 IST" name="logout" finished-at="2026-01-02T11:22:07 IST" duration-ms="5842" status="PASS">
          <reporter-output>
          </reporter-output>
        </test-method> <!-- logout -->
        <test-method is-config="true" signature="login()[pri:0, instance:Functional.DashboardPage@6a2f6f80]" started-at="2026-01-02T11:22:07 IST" name="login" finished-at="2026-01-02T11:22:11 IST" duration-ms="4739" status="PASS">
          <reporter-output>
          </reporter-output>
        </test-method> <!-- login -->
        <test-method signature="TC_007()[pri:0, instance:Functional.DashboardPage@6a2f6f80]" started-at="2026-01-02T11:22:11 IST" name="TC_007" finished-at="2026-01-02T11:22:14 IST" duration-ms="2355" status="PASS">
          <reporter-output>
            <line>
              <![CDATA[DashboardPage-TC_007 is OnTestStart]]>
            </line>
            <line>
              <![CDATA[testcase pass]]>
            </line>
          </reporter-output>
        </test-method> <!-- TC_007 -->
        <test-method is-config="true" signature="logout()[pri:0, instance:Functional.DashboardPage@6a2f6f80]" started-at="2026-01-02T11:22:14 IST" name="logout" finished-at="2026-01-02T11:22:18 IST" duration-ms="4611" status="PASS">
          <reporter-output>
          </reporter-output>
        </test-method> <!-- logout -->
        <test-method is-config="true" signature="login()[pri:0, instance:Functional.DashboardPage@6a2f6f80]" started-at="2026-01-02T11:22:18 IST" name="login" finished-at="2026-01-02T11:22:23 IST" duration-ms="4176" status="PASS">
          <reporter-output>
          </reporter-output>
        </test-method> <!-- login -->
        <test-method signature="TC_008()[pri:0, instance:Functional.DashboardPage@6a2f6f80]" started-at="2026-01-02T11:22:23 IST" name="TC_008" finished-at="2026-01-02T11:22:25 IST" duration-ms="2486" status="PASS">
          <reporter-output>
            <line>
              <![CDATA[DashboardPage-TC_008 is OnTestStart]]>
            </line>
            <line>
              <![CDATA[testcase pass]]>
            </line>
          </reporter-output>
        </test-method> <!-- TC_008 -->
        <test-method is-config="true" signature="logout()[pri:0, instance:Functional.DashboardPage@6a2f6f80]" started-at="2026-01-02T11:22:25 IST" name="logout" finished-at="2026-01-02T11:22:30 IST" duration-ms="4828" status="PASS">
          <reporter-output>
          </reporter-output>
        </test-method> <!-- logout -->
        <test-method is-config="true" signature="login()[pri:0, instance:Functional.DashboardPage@6a2f6f80]" started-at="2026-01-02T11:22:30 IST" name="login" finished-at="2026-01-02T11:22:34 IST" duration-ms="4378" status="PASS">
          <reporter-output>
          </reporter-output>
        </test-method> <!-- login -->
        <test-method signature="TC_009()[pri:0, instance:Functional.DashboardPage@6a2f6f80]" started-at="2026-01-02T11:22:34 IST" name="TC_009" finished-at="2026-01-02T11:22:34 IST" duration-ms="108" status="PASS">
          <reporter-output>
            <line>
              <![CDATA[DashboardPage-TC_009 is OnTestStart]]>
            </line>
            <line>
              <![CDATA[testcase pass]]>
            </line>
          </reporter-output>
        </test-method> <!-- TC_009 -->
        <test-method is-config="true" signature="logout()[pri:0, instance:Functional.DashboardPage@6a2f6f80]" started-at="2026-01-02T11:22:34 IST" name="logout" finished-at="2026-01-02T11:22:39 IST" duration-ms="4221" status="PASS">
          <reporter-output>
          </reporter-output>
        </test-method> <!-- logout -->
        <test-method is-config="true" signature="login()[pri:0, instance:Functional.DashboardPage@6a2f6f80]" started-at="2026-01-02T11:22:39 IST" name="login" finished-at="2026-01-02T11:22:43 IST" duration-ms="4275" status="PASS">
          <reporter-output>
          </reporter-output>
        </test-method> <!-- login -->
        <test-method signature="TC_010()[pri:0, instance:Functional.DashboardPage@6a2f6f80]" started-at="2026-01-02T11:22:43 IST" name="TC_010" finished-at="2026-01-02T11:22:43 IST" duration-ms="110" status="FAIL">
          <exception class="java.lang.AssertionError">
            <message>
              <![CDATA[I failed it manually]]>
            </message>
            <full-stacktrace>
              <![CDATA[java.lang.AssertionError: I failed it manually
at org.testng.Assert.fail(Assert.java:111)
at Functional.DashboardPage.TC_010(DashboardPage.java:108)
at java.base/jdk.internal.reflect.DirectMethodHandleAccessor.invoke(DirectMethodHandleAccessor.java:103)
at java.base/java.lang.reflect.Method.invoke(Method.java:580)
at org.testng.internal.invokers.MethodInvocationHelper.invokeMethod(MethodInvocationHelper.java:141)
at org.testng.internal.invokers.TestInvoker.invokeMethod(TestInvoker.java:687)
at org.testng.internal.invokers.TestInvoker.invokeTestMethod(TestInvoker.java:230)
at org.testng.internal.invokers.MethodRunner.runInSequence(MethodRunner.java:63)
at org.testng.internal.invokers.TestInvoker$MethodInvocationAgent.invoke(TestInvoker.java:995)
at org.testng.internal.invokers.TestInvoker.invokeTestMethods(TestInvoker.java:203)
at org.testng.internal.invokers.TestMethodWorker.invokeTestMethods(TestMethodWorker.java:154)
at org.testng.internal.invokers.TestMethodWorker.run(TestMethodWorker.java:134)
at java.base/java.util.ArrayList.forEach(ArrayList.java:1596)
at org.testng.TestRunner.privateRun(TestRunner.java:741)
at org.testng.TestRunner.run(TestRunner.java:616)
at org.testng.SuiteRunner.runTest(SuiteRunner.java:421)
at org.testng.SuiteRunner.runSequentially(SuiteRunner.java:413)
at org.testng.SuiteRunner.privateRun(SuiteRunner.java:373)
at org.testng.SuiteRunner.run(SuiteRunner.java:312)
at org.testng.SuiteRunnerWorker.runSuite(SuiteRunnerWorker.java:52)
at org.testng.SuiteRunnerWorker.run(SuiteRunnerWorker.java:95)
at org.testng.TestNG.runSuitesSequentially(TestNG.java:1274)
at org.testng.TestNG.runSuitesLocally(TestNG.java:1208)
at org.testng.TestNG.runSuites(TestNG.java:1112)
at org.testng.TestNG.run(TestNG.java:1079)
at org.testng.remote.AbstractRemoteTestNG.run(AbstractRemoteTestNG.java:115)
at org.testng.remote.RemoteTestNG.initAndRun(RemoteTestNG.java:293)
at org.testng.remote.RemoteTestNG.main(RemoteTestNG.java:91)
]]>
            </full-stacktrace>
          </exception> <!-- java.lang.AssertionError -->
          <reporter-output>
            <line>
              <![CDATA[DashboardPage-TC_010 is OnTestStart]]>
            </line>
            <line>
              <![CDATA[DashboardPage-TC_010 is OnTestFailure]]>
            </line>
          </reporter-output>
        </test-method> <!-- TC_010 -->
        <test-method is-config="true" signature="logout()[pri:0, instance:Functional.DashboardPage@6a2f6f80]" started-at="2026-01-02T11:22:43 IST" name="logout" finished-at="2026-01-02T11:22:47 IST" duration-ms="3949" status="PASS">
          <reporter-output>
          </reporter-output>
        </test-method> <!-- logout -->
        <test-method is-config="true" signature="postCondition()[pri:0, instance:Functional.DashboardPage@6a2f6f80]" started-at="2026-01-02T11:22:47 IST" name="postCondition" finished-at="2026-01-02T11:22:48 IST" duration-ms="360" status="PASS">
          <reporter-output>
          </reporter-output>
        </test-method> <!-- postCondition -->
      </class> <!-- Functional.DashboardPage -->
    </test> <!-- DashboardModule -->
    <test started-at="2026-01-02T11:22:48 IST" name="AdminModule" finished-at="2026-01-02T11:25:03 IST" duration-ms="134966">
      <class name="Functional.AdminPage">
        <test-method is-config="true" signature="preCondition()[pri:0, instance:Functional.AdminPage@385e9564]" started-at="2026-01-02T11:22:48 IST" name="preCondition" finished-at="2026-01-02T11:22:57 IST" duration-ms="8931" status="PASS">
          <reporter-output>
          </reporter-output>
        </test-method> <!-- preCondition -->
        <test-method is-config="true" signature="login()[pri:0, instance:Functional.AdminPage@385e9564]" started-at="2026-01-02T11:22:57 IST" name="login" finished-at="2026-01-02T11:23:01 IST" duration-ms="4234" status="PASS">
          <reporter-output>
          </reporter-output>
        </test-method> <!-- login -->
        <test-method signature="TC_001()[pri:0, instance:Functional.AdminPage@385e9564]" started-at="2026-01-02T11:23:01 IST" name="TC_001" finished-at="2026-01-02T11:23:05 IST" duration-ms="3659" status="PASS">
          <reporter-output>
            <line>
              <![CDATA[AdminPage-TC_001 is OnTestStart]]>
            </line>
            <line>
              <![CDATA[testcase pass]]>
            </line>
          </reporter-output>
        </test-method> <!-- TC_001 -->
        <test-method is-config="true" signature="logout()[pri:0, instance:Functional.AdminPage@385e9564]" started-at="2026-01-02T11:23:05 IST" name="logout" finished-at="2026-01-02T11:23:09 IST" duration-ms="4050" status="PASS">
          <reporter-output>
          </reporter-output>
        </test-method> <!-- logout -->
        <test-method is-config="true" signature="login()[pri:0, instance:Functional.AdminPage@385e9564]" started-at="2026-01-02T11:23:09 IST" name="login" finished-at="2026-01-02T11:23:13 IST" duration-ms="4378" status="PASS">
          <reporter-output>
          </reporter-output>
        </test-method> <!-- login -->
        <test-method signature="TC_002()[pri:0, instance:Functional.AdminPage@385e9564]" started-at="2026-01-02T11:23:13 IST" name="TC_002" finished-at="2026-01-02T11:23:17 IST" duration-ms="3817" status="PASS">
          <reporter-output>
            <line>
              <![CDATA[AdminPage-TC_002 is OnTestStart]]>
            </line>
            <line>
              <![CDATA[testcase pass]]>
            </line>
          </reporter-output>
        </test-method> <!-- TC_002 -->
        <test-method is-config="true" signature="logout()[pri:0, instance:Functional.AdminPage@385e9564]" started-at="2026-01-02T11:23:17 IST" name="logout" finished-at="2026-01-02T11:23:21 IST" duration-ms="4096" status="PASS">
          <reporter-output>
          </reporter-output>
        </test-method> <!-- logout -->
        <test-method is-config="true" signature="login()[pri:0, instance:Functional.AdminPage@385e9564]" started-at="2026-01-02T11:23:21 IST" name="login" finished-at="2026-01-02T11:23:25 IST" duration-ms="4100" status="PASS">
          <reporter-output>
          </reporter-output>
        </test-method> <!-- login -->
        <test-method signature="TC_003()[pri:0, instance:Functional.AdminPage@385e9564]" started-at="2026-01-02T11:23:25 IST" name="TC_003" finished-at="2026-01-02T11:23:28 IST" duration-ms="2918" status="PASS">
          <reporter-output>
            <line>
              <![CDATA[AdminPage-TC_003 is OnTestStart]]>
            </line>
            <line>
              <![CDATA[testcase pass]]>
            </line>
          </reporter-output>
        </test-method> <!-- TC_003 -->
        <test-method is-config="true" signature="logout()[pri:0, instance:Functional.AdminPage@385e9564]" started-at="2026-01-02T11:23:28 IST" name="logout" finished-at="2026-01-02T11:23:32 IST" duration-ms="4190" status="PASS">
          <reporter-output>
          </reporter-output>
        </test-method> <!-- logout -->
        <test-method is-config="true" signature="login()[pri:0, instance:Functional.AdminPage@385e9564]" started-at="2026-01-02T11:23:32 IST" name="login" finished-at="2026-01-02T11:23:37 IST" duration-ms="4505" status="PASS">
          <reporter-output>
          </reporter-output>
        </test-method> <!-- login -->
        <test-method signature="TC_004()[pri:0, instance:Functional.AdminPage@385e9564]" started-at="2026-01-02T11:23:37 IST" name="TC_004" finished-at="2026-01-02T11:23:41 IST" duration-ms="4230" status="PASS">
          <reporter-output>
            <line>
              <![CDATA[AdminPage-TC_004 is OnTestStart]]>
            </line>
            <line>
              <![CDATA[testcase pass]]>
            </line>
          </reporter-output>
        </test-method> <!-- TC_004 -->
        <test-method is-config="true" signature="logout()[pri:0, instance:Functional.AdminPage@385e9564]" started-at="2026-01-02T11:23:41 IST" name="logout" finished-at="2026-01-02T11:23:45 IST" duration-ms="3984" status="PASS">
          <reporter-output>
          </reporter-output>
        </test-method> <!-- logout -->
        <test-method is-config="true" signature="login()[pri:0, instance:Functional.AdminPage@385e9564]" started-at="2026-01-02T11:23:45 IST" name="login" finished-at="2026-01-02T11:23:49 IST" duration-ms="4275" status="PASS">
          <reporter-output>
          </reporter-output>
        </test-method> <!-- login -->
        <test-method signature="TC_005()[pri:0, instance:Functional.AdminPage@385e9564]" started-at="2026-01-02T11:23:49 IST" name="TC_005" finished-at="2026-01-02T11:23:54 IST" duration-ms="4734" status="PASS">
          <reporter-output>
            <line>
              <![CDATA[AdminPage-TC_005 is OnTestStart]]>
            </line>
            <line>
              <![CDATA[testcase pass]]>
            </line>
          </reporter-output>
        </test-method> <!-- TC_005 -->
        <test-method is-config="true" signature="logout()[pri:0, instance:Functional.AdminPage@385e9564]" started-at="2026-01-02T11:23:54 IST" name="logout" finished-at="2026-01-02T11:23:59 IST" duration-ms="4804" status="PASS">
          <reporter-output>
          </reporter-output>
        </test-method> <!-- logout -->
        <test-method is-config="true" signature="login()[pri:0, instance:Functional.AdminPage@385e9564]" started-at="2026-01-02T11:23:59 IST" name="login" finished-at="2026-01-02T11:24:03 IST" duration-ms="4283" status="PASS">
          <reporter-output>
          </reporter-output>
        </test-method> <!-- login -->
        <test-method signature="TC_006()[pri:0, instance:Functional.AdminPage@385e9564]" started-at="2026-01-02T11:24:03 IST" name="TC_006" finished-at="2026-01-02T11:24:07 IST" duration-ms="3889" status="PASS">
          <reporter-output>
            <line>
              <![CDATA[AdminPage-TC_006 is OnTestStart]]>
            </line>
            <line>
              <![CDATA[invalid message is displayed,testcase pass]]>
            </line>
          </reporter-output>
        </test-method> <!-- TC_006 -->
        <test-method is-config="true" signature="logout()[pri:0, instance:Functional.AdminPage@385e9564]" started-at="2026-01-02T11:24:07 IST" name="logout" finished-at="2026-01-02T11:24:12 IST" duration-ms="4802" status="PASS">
          <reporter-output>
          </reporter-output>
        </test-method> <!-- logout -->
        <test-method is-config="true" signature="login()[pri:0, instance:Functional.AdminPage@385e9564]" started-at="2026-01-02T11:24:12 IST" name="login" finished-at="2026-01-02T11:24:16 IST" duration-ms="4294" status="PASS">
          <reporter-output>
          </reporter-output>
        </test-method> <!-- login -->
        <test-method signature="TC_007()[pri:0, instance:Functional.AdminPage@385e9564]" started-at="2026-01-02T11:24:16 IST" name="TC_007" finished-at="2026-01-02T11:24:25 IST" duration-ms="8856" status="PASS">
          <reporter-output>
            <line>
              <![CDATA[AdminPage-TC_007 is OnTestStart]]>
            </line>
            <line>
              <![CDATA[testcase pass]]>
            </line>
          </reporter-output>
        </test-method> <!-- TC_007 -->
        <test-method is-config="true" signature="logout()[pri:0, instance:Functional.AdminPage@385e9564]" started-at="2026-01-02T11:24:25 IST" name="logout" finished-at="2026-01-02T11:24:32 IST" duration-ms="7310" status="PASS">
          <reporter-output>
          </reporter-output>
        </test-method> <!-- logout -->
        <test-method is-config="true" signature="login()[pri:0, instance:Functional.AdminPage@385e9564]" started-at="2026-01-02T11:24:32 IST" name="login" finished-at="2026-01-02T11:24:37 IST" duration-ms="4427" status="PASS">
          <reporter-output>
          </reporter-output>
        </test-method> <!-- login -->
        <test-method signature="TC_008()[pri:0, instance:Functional.AdminPage@385e9564]" started-at="2026-01-02T11:24:37 IST" name="TC_008" finished-at="2026-01-02T11:24:42 IST" duration-ms="4936" status="PASS">
          <reporter-output>
            <line>
              <![CDATA[AdminPage-TC_008 is OnTestStart]]>
            </line>
            <line>
              <![CDATA[testcase pass]]>
            </line>
          </reporter-output>
        </test-method> <!-- TC_008 -->
        <test-method is-config="true" signature="logout()[pri:0, instance:Functional.AdminPage@385e9564]" started-at="2026-01-02T11:24:42 IST" name="logout" finished-at="2026-01-02T11:24:43 IST" duration-ms="1129" status="FAIL">
          <exception class="org.openqa.selenium.ElementClickInterceptedException">
            <message>
              <![CDATA[element click intercepted: Element <li data-v-429cfcf3="" data-v-bdd6d943="" data-v-c286b6e5="" class="oxd-userdropdown">...</li> is not clickable at point (1118, 33). Other element would receive the click: <div data-v-bcfca726="" data-v-126e9e0f="" class="oxd-dialog-container-default">...</div>
  (Session info: chrome=143.0.7499.170)
Build info: version: '4.18.0', revision: 'b6bf9de7cc*'
System info: os.name: 'Windows 11', os.arch: 'amd64', os.version: '10.0', java.version: '21.0.6'
Driver info: org.openqa.selenium.chrome.ChromeDriver
Command: [e1fe5b568e4c9b40890e0d940fc2bf99, clickElement {id=f.3AB226D618129F9C391A4B1C67DAA61B.d.038CDEF1058ABE9E3E8BEC040BA9BB52.e.323}]
Capabilities {acceptInsecureCerts: false, browserName: chrome, browserVersion: 143.0.7499.170, chrome: {chromedriverVersion: 143.0.7499.169 (164b20aab62..., userDataDir: C:\Users\Admin\AppData\Loca...}, fedcm:accounts: true, goog:chromeOptions: {debuggerAddress: localhost:53488}, goog:processID: 11112, networkConnectionEnabled: false, pageLoadStrategy: normal, platformName: windows, proxy: Proxy(), se:cdp: ws://localhost:53488/devtoo..., se:cdpVersion: 143.0.7499.170, setWindowRect: true, strictFileInteractability: false, timeouts: {implicit: 0, pageLoad: 300000, script: 30000}, unhandledPromptBehavior: dismiss and notify, webauthn:extension:credBlob: true, webauthn:extension:largeBlob: true, webauthn:extension:minPinLength: true, webauthn:extension:prf: true, webauthn:virtualAuthenticators: true}
Element: [[ChromeDriver: chrome on windows (e1fe5b568e4c9b40890e0d940fc2bf99)] -> xpath: //li[@class='oxd-userdropdown']]
Session ID: e1fe5b568e4c9b40890e0d940fc2bf99]]>
            </message>
            <full-stacktrace>
              <![CDATA[org.openqa.selenium.ElementClickInterceptedException: element click intercepted: Element <li data-v-429cfcf3="" data-v-bdd6d943="" data-v-c286b6e5="" class="oxd-userdropdown">...</li> is not clickable at point (1118, 33). Other element would receive the click: <div data-v-bcfca726="" data-v-126e9e0f="" class="oxd-dialog-container-default">...</div>
  (Session info: chrome=143.0.7499.170)
Build info: version: '4.18.0', revision: 'b6bf9de7cc*'
System info: os.name: 'Windows 11', os.arch: 'amd64', os.version: '10.0', java.version: '21.0.6'
Driver info: org.openqa.selenium.chrome.ChromeDriver
Command: [e1fe5b568e4c9b40890e0d940fc2bf99, clickElement {id=f.3AB226D618129F9C391A4B1C67DAA61B.d.038CDEF1058ABE9E3E8BEC040BA9BB52.e.323}]
Capabilities {acceptInsecureCerts: false, browserName: chrome, browserVersion: 143.0.7499.170, chrome: {chromedriverVersion: 143.0.7499.169 (164b20aab62..., userDataDir: C:\Users\Admin\AppData\Loca...}, fedcm:accounts: true, goog:chromeOptions: {debuggerAddress: localhost:53488}, goog:processID: 11112, networkConnectionEnabled: false, pageLoadStrategy: normal, platformName: windows, proxy: Proxy(), se:cdp: ws://localhost:53488/devtoo..., se:cdpVersion: 143.0.7499.170, setWindowRect: true, strictFileInteractability: false, timeouts: {implicit: 0, pageLoad: 300000, script: 30000}, unhandledPromptBehavior: dismiss and notify, webauthn:extension:credBlob: true, webauthn:extension:largeBlob: true, webauthn:extension:minPinLength: true, webauthn:extension:prf: true, webauthn:virtualAuthenticators: true}
Element: [[ChromeDriver: chrome on windows (e1fe5b568e4c9b40890e0d940fc2bf99)] -> xpath: //li[@class='oxd-userdropdown']]
Session ID: e1fe5b568e4c9b40890e0d940fc2bf99
at java.base/jdk.internal.reflect.DirectConstructorHandleAccessor.newInstance(DirectConstructorHandleAccessor.java:62)
at java.base/java.lang.reflect.Constructor.newInstanceWithCaller(Constructor.java:502)
at java.base/java.lang.reflect.Constructor.newInstance(Constructor.java:486)
at org.openqa.selenium.remote.ErrorCodec.decode(ErrorCodec.java:167)
at org.openqa.selenium.remote.codec.w3c.W3CHttpResponseCodec.decode(W3CHttpResponseCodec.java:138)
at org.openqa.selenium.remote.codec.w3c.W3CHttpResponseCodec.decode(W3CHttpResponseCodec.java:50)
at org.openqa.selenium.remote.HttpCommandExecutor.execute(HttpCommandExecutor.java:190)
at org.openqa.selenium.remote.service.DriverCommandExecutor.invokeExecute(DriverCommandExecutor.java:216)
at org.openqa.selenium.remote.service.DriverCommandExecutor.execute(DriverCommandExecutor.java:174)
at org.openqa.selenium.remote.RemoteWebDriver.execute(RemoteWebDriver.java:519)
at org.openqa.selenium.remote.RemoteWebElement.execute(RemoteWebElement.java:223)
at org.openqa.selenium.remote.RemoteWebElement.click(RemoteWebElement.java:76)
at com.crm.BaseClass.Admin_BaseClass.logout(Admin_BaseClass.java:51)
at java.base/jdk.internal.reflect.DirectMethodHandleAccessor.invoke(DirectMethodHandleAccessor.java:103)
at java.base/java.lang.reflect.Method.invoke(Method.java:580)
at org.testng.internal.invokers.MethodInvocationHelper.invokeMethod(MethodInvocationHelper.java:141)
at org.testng.internal.invokers.MethodInvocationHelper.invokeMethodConsideringTimeout(MethodInvocationHelper.java:71)
at org.testng.internal.invokers.ConfigInvoker.invokeConfigurationMethod(ConfigInvoker.java:400)
at org.testng.internal.invokers.ConfigInvoker.invokeConfigurations(ConfigInvoker.java:333)
at org.testng.internal.invokers.TestInvoker.runConfigMethods(TestInvoker.java:836)
at org.testng.internal.invokers.TestInvoker.runAfterConfigurations(TestInvoker.java:805)
at org.testng.internal.invokers.TestInvoker.invokeMethod(TestInvoker.java:781)
at org.testng.internal.invokers.TestInvoker.invokeTestMethod(TestInvoker.java:230)
at org.testng.internal.invokers.MethodRunner.runInSequence(MethodRunner.java:63)
at org.testng.internal.invokers.TestInvoker$MethodInvocationAgent.invoke(TestInvoker.java:995)
at org.testng.internal.invokers.TestInvoker.invokeTestMethods(TestInvoker.java:203)
at org.testng.internal.invokers.TestMethodWorker.invokeTestMethods(TestMethodWorker.java:154)
at org.testng.internal.invokers.TestMethodWorker.run(TestMethodWorker.java:134)
at java.base/java.util.ArrayList.forEach(ArrayList.java:1596)
at org.testng.TestRunner.privateRun(TestRunner.java:741)
at org.testng.TestRunner.run(TestRunner.java:616)
at org.testng.SuiteRunner.runTest(SuiteRunner.java:421)
at org.testng.SuiteRunner.runSequentially(SuiteRunner.java:413)
at org.testng.SuiteRunner.privateRun(SuiteRunner.java:373)
at org.testng.SuiteRunner.run(SuiteRunner.java:312)
at org.testng.SuiteRunnerWorker.runSuite(SuiteRunnerWorker.java:52)
at org.testng.SuiteRunnerWorker.run(SuiteRunnerWorker.java:95)
at org.testng.TestNG.runSuitesSequentially(TestNG.java:1274)
at org.testng.TestNG.runSuitesLocally(TestNG.java:1208)
at org.testng.TestNG.runSuites(TestNG.java:1112)
at org.testng.TestNG.run(TestNG.java:1079)
at org.testng.remote.AbstractRemoteTestNG.run(AbstractRemoteTestNG.java:115)
at org.testng.remote.RemoteTestNG.initAndRun(RemoteTestNG.java:293)
at org.testng.remote.RemoteTestNG.main(RemoteTestNG.java:91)
]]>
            </full-stacktrace>
          </exception> <!-- org.openqa.selenium.ElementClickInterceptedException -->
          <reporter-output>
          </reporter-output>
        </test-method> <!-- logout -->
        <test-method is-config="true" signature="login()[pri:0, instance:Functional.AdminPage@385e9564]" started-at="2026-01-02T11:24:43 IST" name="login" finished-at="2026-01-02T11:24:53 IST" duration-ms="10050" status="FAIL">
          <exception class="org.openqa.selenium.NoSuchElementException">
            <message>
              <![CDATA[no such element: Unable to locate element: {"method":"css selector","selector":"*[name='username']"}
  (Session info: chrome=143.0.7499.170)
For documentation on this error, please visit: https://www.selenium.dev/documentation/webdriver/troubleshooting/errors#no-such-element-exception
Build info: version: '4.18.0', revision: 'b6bf9de7cc*'
System info: os.name: 'Windows 11', os.arch: 'amd64', os.version: '10.0', java.version: '21.0.6'
Driver info: org.openqa.selenium.chrome.ChromeDriver
Command: [e1fe5b568e4c9b40890e0d940fc2bf99, findElement {using=name, value=username}]
Capabilities {acceptInsecureCerts: false, browserName: chrome, browserVersion: 143.0.7499.170, chrome: {chromedriverVersion: 143.0.7499.169 (164b20aab62..., userDataDir: C:\Users\Admin\AppData\Loca...}, fedcm:accounts: true, goog:chromeOptions: {debuggerAddress: localhost:53488}, goog:processID: 11112, networkConnectionEnabled: false, pageLoadStrategy: normal, platformName: windows, proxy: Proxy(), se:cdp: ws://localhost:53488/devtoo..., se:cdpVersion: 143.0.7499.170, setWindowRect: true, strictFileInteractability: false, timeouts: {implicit: 0, pageLoad: 300000, script: 30000}, unhandledPromptBehavior: dismiss and notify, webauthn:extension:credBlob: true, webauthn:extension:largeBlob: true, webauthn:extension:minPinLength: true, webauthn:extension:prf: true, webauthn:virtualAuthenticators: true}
Session ID: e1fe5b568e4c9b40890e0d940fc2bf99]]>
            </message>
            <full-stacktrace>
              <![CDATA[org.openqa.selenium.NoSuchElementException: no such element: Unable to locate element: {"method":"css selector","selector":"*[name='username']"}
  (Session info: chrome=143.0.7499.170)
For documentation on this error, please visit: https://www.selenium.dev/documentation/webdriver/troubleshooting/errors#no-such-element-exception
Build info: version: '4.18.0', revision: 'b6bf9de7cc*'
System info: os.name: 'Windows 11', os.arch: 'amd64', os.version: '10.0', java.version: '21.0.6'
Driver info: org.openqa.selenium.chrome.ChromeDriver
Command: [e1fe5b568e4c9b40890e0d940fc2bf99, findElement {using=name, value=username}]
Capabilities {acceptInsecureCerts: false, browserName: chrome, browserVersion: 143.0.7499.170, chrome: {chromedriverVersion: 143.0.7499.169 (164b20aab62..., userDataDir: C:\Users\Admin\AppData\Loca...}, fedcm:accounts: true, goog:chromeOptions: {debuggerAddress: localhost:53488}, goog:processID: 11112, networkConnectionEnabled: false, pageLoadStrategy: normal, platformName: windows, proxy: Proxy(), se:cdp: ws://localhost:53488/devtoo..., se:cdpVersion: 143.0.7499.170, setWindowRect: true, strictFileInteractability: false, timeouts: {implicit: 0, pageLoad: 300000, script: 30000}, unhandledPromptBehavior: dismiss and notify, webauthn:extension:credBlob: true, webauthn:extension:largeBlob: true, webauthn:extension:minPinLength: true, webauthn:extension:prf: true, webauthn:virtualAuthenticators: true}
Session ID: e1fe5b568e4c9b40890e0d940fc2bf99
at java.base/jdk.internal.reflect.DirectConstructorHandleAccessor.newInstance(DirectConstructorHandleAccessor.java:62)
at java.base/java.lang.reflect.Constructor.newInstanceWithCaller(Constructor.java:502)
at java.base/java.lang.reflect.Constructor.newInstance(Constructor.java:486)
at org.openqa.selenium.remote.ErrorCodec.decode(ErrorCodec.java:167)
at org.openqa.selenium.remote.codec.w3c.W3CHttpResponseCodec.decode(W3CHttpResponseCodec.java:138)
at org.openqa.selenium.remote.codec.w3c.W3CHttpResponseCodec.decode(W3CHttpResponseCodec.java:50)
at org.openqa.selenium.remote.HttpCommandExecutor.execute(HttpCommandExecutor.java:190)
at org.openqa.selenium.remote.service.DriverCommandExecutor.invokeExecute(DriverCommandExecutor.java:216)
at org.openqa.selenium.remote.service.DriverCommandExecutor.execute(DriverCommandExecutor.java:174)
at org.openqa.selenium.remote.RemoteWebDriver.execute(RemoteWebDriver.java:519)
at org.openqa.selenium.remote.ElementLocation$ElementFinder$2.findElement(ElementLocation.java:165)
at org.openqa.selenium.remote.ElementLocation.findElement(ElementLocation.java:59)
at org.openqa.selenium.remote.RemoteWebDriver.findElement(RemoteWebDriver.java:356)
at org.openqa.selenium.remote.RemoteWebDriver.findElement(RemoteWebDriver.java:350)
at com.crm.BaseClass.Admin_BaseClass.login(Admin_BaseClass.java:43)
at java.base/jdk.internal.reflect.DirectMethodHandleAccessor.invoke(DirectMethodHandleAccessor.java:103)
at java.base/java.lang.reflect.Method.invoke(Method.java:580)
at org.testng.internal.invokers.MethodInvocationHelper.invokeMethod(MethodInvocationHelper.java:141)
at org.testng.internal.invokers.MethodInvocationHelper.invokeMethodConsideringTimeout(MethodInvocationHelper.java:71)
at org.testng.internal.invokers.ConfigInvoker.invokeConfigurationMethod(ConfigInvoker.java:400)
at org.testng.internal.invokers.ConfigInvoker.invokeConfigurations(ConfigInvoker.java:333)
at org.testng.internal.invokers.TestInvoker.runConfigMethods(TestInvoker.java:836)
at org.testng.internal.invokers.TestInvoker.invokeMethod(TestInvoker.java:601)
at org.testng.internal.invokers.TestInvoker.invokeTestMethod(TestInvoker.java:230)
at org.testng.internal.invokers.MethodRunner.runInSequence(MethodRunner.java:63)
at org.testng.internal.invokers.TestInvoker$MethodInvocationAgent.invoke(TestInvoker.java:995)
at org.testng.internal.invokers.TestInvoker.invokeTestMethods(TestInvoker.java:203)
at org.testng.internal.invokers.TestMethodWorker.invokeTestMethods(TestMethodWorker.java:154)
at org.testng.internal.invokers.TestMethodWorker.run(TestMethodWorker.java:134)
at java.base/java.util.ArrayList.forEach(ArrayList.java:1596)
at org.testng.TestRunner.privateRun(TestRunner.java:741)
at org.testng.TestRunner.run(TestRunner.java:616)
at org.testng.SuiteRunner.runTest(SuiteRunner.java:421)
at org.testng.SuiteRunner.runSequentially(SuiteRunner.java:413)
at org.testng.SuiteRunner.privateRun(SuiteRunner.java:373)
at org.testng.SuiteRunner.run(SuiteRunner.java:312)
at org.testng.SuiteRunnerWorker.runSuite(SuiteRunnerWorker.java:52)
at org.testng.SuiteRunnerWorker.run(SuiteRunnerWorker.java:95)
at org.testng.TestNG.runSuitesSequentially(TestNG.java:1274)
at org.testng.TestNG.runSuitesLocally(TestNG.java:1208)
at org.testng.TestNG.runSuites(TestNG.java:1112)
at org.testng.TestNG.run(TestNG.java:1079)
at org.testng.remote.AbstractRemoteTestNG.run(AbstractRemoteTestNG.java:115)
at org.testng.remote.RemoteTestNG.initAndRun(RemoteTestNG.java:293)
at org.testng.remote.RemoteTestNG.main(RemoteTestNG.java:91)
]]>
            </full-stacktrace>
          </exception> <!-- org.openqa.selenium.NoSuchElementException -->
          <reporter-output>
          </reporter-output>
        </test-method> <!-- login -->
        <test-method signature="TC_009()[pri:0, instance:Functional.AdminPage@385e9564]" started-at="2026-01-02T11:24:53 IST" name="TC_009" finished-at="2026-01-02T11:24:53 IST" duration-ms="0" status="SKIP">
          <exception class="org.openqa.selenium.ElementClickInterceptedException">
            <message>
              <![CDATA[element click intercepted: Element <li data-v-429cfcf3="" data-v-bdd6d943="" data-v-c286b6e5="" class="oxd-userdropdown">...</li> is not clickable at point (1118, 33). Other element would receive the click: <div data-v-bcfca726="" data-v-126e9e0f="" class="oxd-dialog-container-default">...</div>
  (Session info: chrome=143.0.7499.170)
Build info: version: '4.18.0', revision: 'b6bf9de7cc*'
System info: os.name: 'Windows 11', os.arch: 'amd64', os.version: '10.0', java.version: '21.0.6'
Driver info: org.openqa.selenium.chrome.ChromeDriver
Command: [e1fe5b568e4c9b40890e0d940fc2bf99, clickElement {id=f.3AB226D618129F9C391A4B1C67DAA61B.d.038CDEF1058ABE9E3E8BEC040BA9BB52.e.323}]
Capabilities {acceptInsecureCerts: false, browserName: chrome, browserVersion: 143.0.7499.170, chrome: {chromedriverVersion: 143.0.7499.169 (164b20aab62..., userDataDir: C:\Users\Admin\AppData\Loca...}, fedcm:accounts: true, goog:chromeOptions: {debuggerAddress: localhost:53488}, goog:processID: 11112, networkConnectionEnabled: false, pageLoadStrategy: normal, platformName: windows, proxy: Proxy(), se:cdp: ws://localhost:53488/devtoo..., se:cdpVersion: 143.0.7499.170, setWindowRect: true, strictFileInteractability: false, timeouts: {implicit: 0, pageLoad: 300000, script: 30000}, unhandledPromptBehavior: dismiss and notify, webauthn:extension:credBlob: true, webauthn:extension:largeBlob: true, webauthn:extension:minPinLength: true, webauthn:extension:prf: true, webauthn:virtualAuthenticators: true}
Element: [[ChromeDriver: chrome on windows (e1fe5b568e4c9b40890e0d940fc2bf99)] -> xpath: //li[@class='oxd-userdropdown']]
Session ID: e1fe5b568e4c9b40890e0d940fc2bf99]]>
            </message>
            <full-stacktrace>
              <![CDATA[org.openqa.selenium.ElementClickInterceptedException: element click intercepted: Element <li data-v-429cfcf3="" data-v-bdd6d943="" data-v-c286b6e5="" class="oxd-userdropdown">...</li> is not clickable at point (1118, 33). Other element would receive the click: <div data-v-bcfca726="" data-v-126e9e0f="" class="oxd-dialog-container-default">...</div>
  (Session info: chrome=143.0.7499.170)
Build info: version: '4.18.0', revision: 'b6bf9de7cc*'
System info: os.name: 'Windows 11', os.arch: 'amd64', os.version: '10.0', java.version: '21.0.6'
Driver info: org.openqa.selenium.chrome.ChromeDriver
Command: [e1fe5b568e4c9b40890e0d940fc2bf99, clickElement {id=f.3AB226D618129F9C391A4B1C67DAA61B.d.038CDEF1058ABE9E3E8BEC040BA9BB52.e.323}]
Capabilities {acceptInsecureCerts: false, browserName: chrome, browserVersion: 143.0.7499.170, chrome: {chromedriverVersion: 143.0.7499.169 (164b20aab62..., userDataDir: C:\Users\Admin\AppData\Loca...}, fedcm:accounts: true, goog:chromeOptions: {debuggerAddress: localhost:53488}, goog:processID: 11112, networkConnectionEnabled: false, pageLoadStrategy: normal, platformName: windows, proxy: Proxy(), se:cdp: ws://localhost:53488/devtoo..., se:cdpVersion: 143.0.7499.170, setWindowRect: true, strictFileInteractability: false, timeouts: {implicit: 0, pageLoad: 300000, script: 30000}, unhandledPromptBehavior: dismiss and notify, webauthn:extension:credBlob: true, webauthn:extension:largeBlob: true, webauthn:extension:minPinLength: true, webauthn:extension:prf: true, webauthn:virtualAuthenticators: true}
Element: [[ChromeDriver: chrome on windows (e1fe5b568e4c9b40890e0d940fc2bf99)] -> xpath: //li[@class='oxd-userdropdown']]
[...]
Session ID: 65ca6332a38c2607d9cf278f83240616
at java.base/jdk.internal.reflect.DirectConstructorHandleAccessor.newInstance(DirectConstructorHandleAccessor.java:62)
at java.base/java.lang.reflect.Constructor.newInstanceWithCaller(Constructor.java:502)
at java.base/java.lang.reflect.Constructor.newInstance(Constructor.java:486)
at org.openqa.selenium.remote.ErrorCodec.decode(ErrorCodec.java:167)
at org.openqa.selenium.remote.codec.w3c.W3CHttpResponseCodec.decode(W3CHttpResponseCodec.java:138)
at org.openqa.selenium.remote.codec.w3c.W3CHttpResponseCodec.decode(W3CHttpResponseCodec.java:50)
at org.openqa.selenium.remote.HttpCommandExecutor.execute(HttpCommandExecutor.java:190)
at org.openqa.selenium.remote.service.DriverCommandExecutor.invokeExecute(DriverCommandExecutor.java:216)
at org.openqa.selenium.remote.service.DriverCommandExecutor.execute(DriverCommandExecutor.java:174)
at org.openqa.selenium.remote.RemoteWebDriver.execute(RemoteWebDriver.java:519)
at org.openqa.selenium.remote.ElementLocation$ElementFinder$2.findElement(ElementLocation.java:165)
at org.openqa.selenium.remote.ElementLocation.findElement(ElementLocation.java:59)
at org.openqa.selenium.remote.RemoteWebDriver.findElement(RemoteWebDriver.java:356)
at org.openqa.selenium.remote.RemoteWebDriver.findElement(RemoteWebDriver.java:350)
at org.openqa.selenium.support.pagefactory.DefaultElementLocator.findElement(DefaultElementLocator.java:68)
at org.openqa.selenium.support.pagefactory.internal.LocatingElementHandler.invoke(LocatingElementHandler.java:38)
at jdk.proxy2/jdk.proxy2.$Proxy16.click(Unknown Source)
at com.crm.Pom.Performance_Pom_1.toDate(Performance_Pom_1.java:104)
at Functional.PerformancePage.tc_008(PerformancePage.java:112)
at java.base/jdk.internal.reflect.DirectMethodHandleAccessor.invoke(DirectMethodHandleAccessor.java:103)
at java.base/java.lang.reflect.Method.invoke(Method.java:580)
at org.testng.internal.invokers.MethodInvocationHelper.invokeMethod(MethodInvocationHelper.java:141)
at org.testng.internal.invokers.TestInvoker.invokeMethod(TestInvoker.java:687)
at org.testng.internal.invokers.TestInvoker.invokeTestMethod(TestInvoker.java:230)
at org.testng.internal.invokers.MethodRunner.runInSequence(MethodRunner.java:63)
at org.testng.internal.invokers.TestInvoker$MethodInvocationAgent.invoke(TestInvoker.java:995)
at org.testng.internal.invokers.TestInvoker.invokeTestMethods(TestInvoker.java:203)
at org.testng.internal.invokers.TestMethodWorker.invokeTestMethods(TestMethodWorker.java:154)
at org.testng.internal.invokers.TestMethodWorker.run(TestMethodWorker.java:134)
at java.base/java.util.ArrayList.forEach(ArrayList.java:1596)
at org.testng.TestRunner.privateRun(TestRunner.java:741)
at org.testng.TestRunner.run(TestRunner.java:616)
at org.testng.SuiteRunner.runTest(SuiteRunner.java:421)
at org.testng.SuiteRunner.runSequentially(SuiteRunner.java:413)
at org.testng.SuiteRunner.privateRun(SuiteRunner.java:373)
at org.testng.SuiteRunner.run(SuiteRunner.java:312)
at org.testng.SuiteRunnerWorker.runSuite(SuiteRunnerWorker.java:52)
at org.testng.SuiteRunnerWorker.run(SuiteRunnerWorker.java:95)
at org.testng.TestNG.runSuitesSequentially(TestNG.java:1274)
at org.testng.TestNG.runSuitesLocally(TestNG.java:1208)
at org.testng.TestNG.runSuites(TestNG.java:1112)
at org.testng.TestNG.run(TestNG.java:1079)
at org.testng.remote.AbstractRemoteTestNG.run(AbstractRemoteTestNG.java:115)
at org.testng.remote.RemoteTestNG.initAndRun(RemoteTestNG.java:293)
at org.testng.remote.RemoteTestNG.main(RemoteTestNG.java:91)
]]>
            </full-stacktrace>
          </exception> <!-- org.openqa.selenium.NoSuchElementException -->
          <reporter-output>
            <line>
              <![CDATA[PerformancePage-tc_008 is OnTestStart]]>
            </line>
            <line>
              <![CDATA[PerformancePage-tc_008 is OnTestFailure]]>
            </line>
          </reporter-output>
        </test-method> <!-- tc_008 -->
        <test-method is-config="true" signature="logout()[pri:0, instance:Functional.PerformancePage@63070bab]" started-at="2026-01-02T11:42:15 IST" name="logout" finished-at="2026-01-02T11:42:19 IST" duration-ms="3863" status="PASS">
          <reporter-output>
          </reporter-output>
        </test-method> <!-- logout -->
        <test-method is-config="true" signature="login()[pri:0, instance:Functional.PerformancePage@63070bab]" started-at="2026-01-02T11:42:19 IST" name="login" finished-at="2026-01-02T11:42:23 IST" duration-ms="4238" status="PASS">
          <reporter-output>
          </reporter-output>
        </test-method> <!-- login -->
        <test-method signature="tc_009()[pri:0, instance:Functional.PerformancePage@63070bab]" started-at="2026-01-02T11:42:23 IST" name="tc_009" finished-at="2026-01-02T11:42:27 IST" duration-ms="3915" status="PASS">
          <reporter-output>
            <line>
              <![CDATA[PerformancePage-tc_009 is OnTestStart]]>
            </line>
            <line>
              <![CDATA[testcase pass]]>
            </line>
          </reporter-output>
        </test-method> <!-- tc_009 -->
        <test-method is-config="true" signature="logout()[pri:0, instance:Functional.PerformancePage@63070bab]" started-at="2026-01-02T11:42:27 IST" name="logout" finished-at="2026-01-02T11:42:31 IST" duration-ms="4108" status="PASS">
          <reporter-output>
          </reporter-output>
        </test-method> <!-- logout -->
        <test-method is-config="true" signature="login()[pri:0, instance:Functional.PerformancePage@63070bab]" started-at="2026-01-02T11:42:31 IST" name="login" finished-at="2026-01-02T11:42:35 IST" duration-ms="4162" status="PASS">
          <reporter-output>
          </reporter-output>
        </test-method> <!-- login -->
        <test-method signature="tc_010()[pri:0, instance:Functional.PerformancePage@63070bab]" started-at="2026-01-02T11:42:35 IST" name="tc_010" finished-at="2026-01-02T11:42:43 IST" duration-ms="8002" status="PASS">
          <reporter-output>
            <line>
              <![CDATA[PerformancePage-tc_010 is OnTestStart]]>
            </line>
            <line>
              <![CDATA[testcase pass]]>
            </line>
          </reporter-output>
        </test-method> <!-- tc_010 -->
        <test-method is-config="true" signature="logout()[pri:0, instance:Functional.PerformancePage@63070bab]" started-at="2026-01-02T11:42:43 IST" name="logout" finished-at="2026-01-02T11:42:47 IST" duration-ms="4118" status="PASS">
          <reporter-output>
          </reporter-output>
        </test-method> <!-- logout -->
        <test-method is-config="true" signature="postCondition()[pri:0, instance:Functional.PerformancePage@63070bab]" started-at="2026-01-02T11:42:47 IST" name="postCondition" finished-at="2026-01-02T11:42:48 IST" duration-ms="421" status="PASS">
          <reporter-output>
          </reporter-output>
        </test-method> <!-- postCondition -->
      </class> <!-- Functional.PerformancePage -->
    </test> <!-- PerformanceModule -->
    <test started-at="2026-01-02T11:42:48 IST" name="ClaimModule" finished-at="2026-01-02T11:47:21 IST" duration-ms="273599">
      <class name="Functional.ClaimPage">
        <test-method is-config="true" signature="preCondition()[pri:0, instance:Functional.ClaimPage@424e1977]" started-at="2026-01-02T11:42:48 IST" name="preCondition" finished-at="2026-01-02T11:42:57 IST" duration-ms="9390" status="PASS">
          <reporter-output>
          </reporter-output>
        </test-method> <!-- preCondition -->
        <test-method is-config="true" signature="login()[pri:0, instance:Functional.ClaimPage@424e1977]" started-at="2026-01-02T11:42:57 IST" name="login" finished-at="2026-01-02T11:43:02 IST" duration-ms="4880" status="PASS">
          <reporter-output>
          </reporter-output>
        </test-method> <!-- login -->
        <test-method signature="tc_001()[pri:0, instance:Functional.ClaimPage@424e1977]" started-at="2026-01-02T11:43:02 IST" name="tc_001" finished-at="2026-01-02T11:43:07 IST" duration-ms="4905" status="PASS">
          <reporter-output>
            <line>
              <![CDATA[ClaimPage-tc_001 is OnTestStart]]>
            </line>
            <line>
              <![CDATA[testcase pass]]>
            </line>
          </reporter-output>
        </test-method> <!-- tc_001 -->
        <test-method is-config="true" signature="logout()[pri:0, instance:Functional.ClaimPage@424e1977]" started-at="2026-01-02T11:43:07 IST" name="logout" finished-at="2026-01-02T11:43:13 IST" duration-ms="5502" status="PASS">
          <reporter-output>
          </reporter-output>
        </test-method> <!-- logout -->
        <test-method is-config="true" signature="login()[pri:0, instance:Functional.ClaimPage@424e1977]" started-at="2026-01-02T11:43:13 IST" name="login" finished-at="2026-01-02T11:43:17 IST" duration-ms="4185" status="PASS">
          <reporter-output>
          </reporter-output>
        </test-method> <!-- login -->
        <test-method signature="tc_002()[pri:0, instance:Functional.ClaimPage@424e1977]" started-at="2026-01-02T11:43:17 IST" name="tc_002" finished-at="2026-01-02T11:43:21 IST" duration-ms="3933" status="PASS">
          <reporter-output>
            <line>
              <![CDATA[ClaimPage-tc_002 is OnTestStart]]>
            </line>
            <line>
              <![CDATA[testcase pass]]>
            </line>
          </reporter-output>
        </test-method> <!-- tc_002 -->
        <test-method is-config="true" signature="logout()[pri:0, instance:Functional.ClaimPage@424e1977]" started-at="2026-01-02T11:43:21 IST" name="logout" finished-at="2026-01-02T11:43:25 IST" duration-ms="4375" status="PASS">
          <reporter-output>
          </reporter-output>
        </test-method> <!-- logout -->
        <test-method is-config="true" signature="login()[pri:0, instance:Functional.ClaimPage@424e1977]" started-at="2026-01-02T11:43:25 IST" name="login" finished-at="2026-01-02T11:43:29 IST" duration-ms="4089" status="PASS">
          <reporter-output>
          </reporter-output>
        </test-method> <!-- login -->
        <test-method signature="tc_003()[pri:0, instance:Functional.ClaimPage@424e1977]" started-at="2026-01-02T11:43:29 IST" name="tc_003" finished-at="2026-01-02T11:43:33 IST" duration-ms="4194" status="PASS">
          <reporter-output>
            <line>
              <![CDATA[ClaimPage-tc_003 is OnTestStart]]>
            </line>
            <line>
              <![CDATA[testcase pass]]>
            </line>
          </reporter-output>
        </test-method> <!-- tc_003 -->
        <test-method is-config="true" signature="logout()[pri:0, instance:Functional.ClaimPage@424e1977]" started-at="2026-01-02T11:43:33 IST" name="logout" finished-at="2026-01-02T11:43:37 IST" duration-ms="3982" status="PASS">
          <reporter-output>
          </reporter-output>
        </test-method> <!-- logout -->
        <test-method is-config="true" signature="login()[pri:0, instance:Functional.ClaimPage@424e1977]" started-at="2026-01-02T11:43:37 IST" name="login" finished-at="2026-01-02T11:43:41 IST" duration-ms="4094" status="PASS">
          <reporter-output>
          </reporter-output>
        </test-method> <!-- login -->
        <test-method signature="tc_004()[pri:0, instance:Functional.ClaimPage@424e1977]" started-at="2026-01-02T11:43:41 IST" name="tc_004" finished-at="2026-01-02T11:43:45 IST" duration-ms="3443" status="PASS">
          <reporter-output>
            <line>
              <![CDATA[ClaimPage-tc_004 is OnTestStart]]>
            </line>
            <line>
              <![CDATA[testcase pass]]>
            </line>
          </reporter-output>
        </test-method> <!-- tc_004 -->
        <test-method is-config="true" signature="logout()[pri:0, instance:Functional.ClaimPage@424e1977]" started-at="2026-01-02T11:43:45 IST" name="logout" finished-at="2026-01-02T11:43:49 IST" duration-ms="3881" status="PASS">
          <reporter-output>
          </reporter-output>
        </test-method> <!-- logout -->
        <test-method is-config="true" signature="login()[pri:0, instance:Functional.ClaimPage@424e1977]" started-at="2026-01-02T11:43:49 IST" name="login" finished-at="2026-01-02T11:43:53 IST" duration-ms="4259" status="PASS">
          <reporter-output>
          </reporter-output>
        </test-method> <!-- login -->
        <test-method signature="tc_005()[pri:0, instance:Functional.ClaimPage@424e1977]" started-at="2026-01-02T11:43:53 IST" name="tc_005" finished-at="2026-01-02T11:43:57 IST" duration-ms="3835" status="PASS">
          <reporter-output>
            <line>
              <![CDATA[ClaimPage-tc_005 is OnTestStart]]>
            </line>
            <line>
              <![CDATA[testcase pass]]>
            </line>
          </reporter-output>
        </test-method> <!-- tc_005 -->
        <test-method is-config="true" signature="logout()[pri:0, instance:Functional.ClaimPage@424e1977]" started-at="2026-01-02T11:43:57 IST" name="logout" finished-at="2026-01-02T11:44:01 IST" duration-ms="4146" status="PASS">
          <reporter-output>
          </reporter-output>
        </test-method> <!-- logout -->
        <test-method is-config="true" signature="login()[pri:0, instance:Functional.ClaimPage@424e1977]" started-at="2026-01-02T11:44:01 IST" name="login" finished-at="2026-01-02T11:44:05 IST" duration-ms="4415" status="PASS">
          <reporter-output>
          </reporter-output>
        </test-method> <!-- login -->
        <test-method signature="tc_006()[pri:0, instance:Functional.ClaimPage@424e1977]" started-at="2026-01-02T11:44:05 IST" name="tc_006" finished-at="2026-01-02T11:44:09 IST" duration-ms="3550" status="PASS">
          <reporter-output>
            <line>
              <![CDATA[ClaimPage-tc_006 is OnTestStart]]>
            </line>
            <line>
              <![CDATA[testcase pass]]>
            </line>
          </reporter-output>
        </test-method> <!-- tc_006 -->
        <test-method is-config="true" signature="logout()[pri:0, instance:Functional.ClaimPage@424e1977]" started-at="2026-01-02T11:44:09 IST" name="logout" finished-at="2026-01-02T11:44:13 IST" duration-ms="3817" status="PASS">
          <reporter-output>
          </reporter-output>
        </test-method> <!-- logout -->
        <test-method is-config="true" signature="login()[pri:0, instance:Functional.ClaimPage@424e1977]" started-at="2026-01-02T11:44:13 IST" name="login" finished-at="2026-01-02T11:44:17 IST" duration-ms="4344" status="PASS">
          <reporter-output>
          </reporter-output>
        </test-method> <!-- login -->
        <test-method signature="tc_007()[pri:0, instance:Functional.ClaimPage@424e1977]" started-at="2026-01-02T11:44:17 IST" name="tc_007" finished-at="2026-01-02T11:44:20 IST" duration-ms="3270" status="PASS">
          <reporter-output>
            <line>
              <![CDATA[ClaimPage-tc_007 is OnTestStart]]>
            </line>
            <line>
              <![CDATA[testcase pass]]>
            </line>
          </reporter-output>
        </test-method> <!-- tc_007 -->
        <test-method is-config="true" signature="logout()[pri:0, instance:Functional.ClaimPage@424e1977]" started-at="2026-01-02T11:44:20 IST" name="logout" finished-at="2026-01-02T11:44:24 IST" duration-ms="3932" status="PASS">
          <reporter-output>
          </reporter-output>
        </test-method> <!-- logout -->
        <test-method is-config="true" signature="login()[pri:0, instance:Functional.ClaimPage@424e1977]" started-at="2026-01-02T11:44:24 IST" name="login" finished-at="2026-01-02T11:44:29 IST" duration-ms="4246" status="PASS">
          <reporter-output>
          </reporter-output>
        </test-method> <!-- login -->
        <test-method signature="tc_008()[pri:0, instance:Functional.ClaimPage@424e1977]" started-at="2026-01-02T11:44:29 IST" name="tc_008" finished-at="2026-01-02T11:46:51 IST" duration-ms="142740" status="PASS">
          <reporter-output>
            <line>
              <![CDATA[ClaimPage-tc_008 is OnTestStart]]>
            </line>
            <line>
              <![CDATA[testcase pass]]>
            </line>
          </reporter-output>
        </test-method> <!-- tc_008 -->
        <test-method is-config="true" signature="logout()[pri:0, instance:Functional.ClaimPage@424e1977]" started-at="2026-01-02T11:46:51 IST" name="logout" finished-at="2026-01-02T11:46:56 IST" duration-ms="4470" status="PASS">
          <reporter-output>
          </reporter-output>
        </test-method> <!-- logout -->
        <test-method is-config="true" signature="login()[pri:0, instance:Functional.ClaimPage@424e1977]" started-at="2026-01-02T11:46:56 IST" name="login" finished-at="2026-01-02T11:47:00 IST" duration-ms="4359" status="PASS">
          <reporter-output>
          </reporter-output>
        </test-method> <!-- login -->
        <test-method signature="tc_009()[pri:0, instance:Functional.ClaimPage@424e1977]" started-at="2026-01-02T11:47:00 IST" name="tc_009" finished-at="2026-01-02T11:47:03 IST" duration-ms="3305" status="PASS">
          <reporter-output>
            <line>
              <![CDATA[ClaimPage-tc_009 is OnTestStart]]>
            </line>
            <line>
              <![CDATA[testcase pass]]>
            </line>
          </reporter-output>
        </test-method> <!-- tc_009 -->
        <test-method is-config="true" signature="logout()[pri:0, instance:Functional.ClaimPage@424e1977]" started-at="2026-01-02T11:47:03 IST" name="logout" finished-at="2026-01-02T11:47:07 IST" duration-ms="3808" status="PASS">
          <reporter-output>
          </reporter-output>
        </test-method> <!-- logout -->
        <test-method is-config="true" signature="login()[pri:0, instance:Functional.ClaimPage@424e1977]" started-at="2026-01-02T11:47:07 IST" name="login" finished-at="2026-01-02T11:47:11 IST" duration-ms="4184" status="PASS">
          <reporter-output>
          </reporter-output>
        </test-method> <!-- login -->
        <test-method signature="tc_010()[pri:0, instance:Functional.ClaimPage@424e1977]" started-at="2026-01-02T11:47:11 IST" name="tc_010" finished-at="2026-01-02T11:47:17 IST" duration-ms="5731" status="PASS">
          <reporter-output>
            <line>
              <![CDATA[ClaimPage-tc_010 is OnTestStart]]>
            </line>
            <line>
              <![CDATA[testcase pass]]>
            </line>
          </reporter-output>
        </test-method> <!-- tc_010 -->
        <test-method is-config="true" signature="logout()[pri:0, instance:Functional.ClaimPage@424e1977]" started-at="2026-01-02T11:47:17 IST" name="logout" finished-at="2026-01-02T11:47:21 IST" duration-ms="3916" status="PASS">
          <reporter-output>
          </reporter-output>
        </test-method> <!-- logout -->
        <test-method is-config="true" signature="postCondition()[pri:0, instance:Functional.ClaimPage@424e1977]" started-at="2026-01-02T11:47:21 IST" name="postCondition" finished-at="2026-01-02T11:47:21 IST" duration-ms="390" status="PASS">
          <reporter-output>
          </reporter-output>
        </test-method> <!-- postCondition -->
      </class> <!-- Functional.ClaimPage -->
    </test> <!-- ClaimModule -->
  </suite> <!-- HybridSuite -->
</testng-results>
