<?xml version="1.0" encoding="UTF-8"?>
<!-- Generated by org.testng.reporters.JUnitXMLReporter -->
<testsuite ignored="0" hostname="DESKTOP-EENA1UC" failures="0" tests="10" name="AdminModule" time="134.966" errors="0" timestamp="2026-01-02T11:25:03 IST">
  <testcase classname="Functional.AdminPage" name="TC_001" time="3.659"/>
  <testcase classname="Functional.AdminPage" name="TC_002" time="3.817"/>
  <testcase classname="Functional.AdminPage" name="TC_003" time="2.918"/>
  <testcase classname="Functional.AdminPage" name="TC_004" time="4.23"/>
  <testcase classname="Functional.AdminPage" name="TC_005" time="4.734"/>
  <testcase classname="Functional.AdminPage" name="TC_006" time="3.889"/>
  <testcase classname="Functional.AdminPage" name="TC_007" time="8.856"/>
  <testcase classname="Functional.AdminPage" name="TC_008" time="4.936"/>
  <testcase classname="Functional.AdminPage" name="TC_009" time="0.0">
    <skipped/>
  </testcase> <!-- TC_009 -->
  <testcase classname="Functional.AdminPage" name="TC_010" time="0.0">
    <skipped/>
  </testcase> <!-- TC_010 -->
</testsuite> <!-- AdminModule -->
