<?xml version="1.0" encoding="UTF-8"?>
<!-- Generated by org.testng.reporters.JUnitXMLReporter -->
<testsuite ignored="0" hostname="DESKTOP-EENA1UC" failures="0" tests="10" name="ClaimModule" time="273.599" errors="0" timestamp="2026-01-02T11:47:22 IST">
  <testcase classname="Functional.ClaimPage" name="tc_001" time="4.905"/>
  <testcase classname="Functional.ClaimPage" name="tc_002" time="3.933"/>
  <testcase classname="Functional.ClaimPage" name="tc_003" time="4.194"/>
  <testcase classname="Functional.ClaimPage" name="tc_004" time="3.443"/>
  <testcase classname="Functional.ClaimPage" name="tc_005" time="3.835"/>
  <testcase classname="Functional.ClaimPage" name="tc_006" time="3.55"/>
  <testcase classname="Functional.ClaimPage" name="tc_007" time="3.27"/>
  <testcase classname="Functional.ClaimPage" name="tc_008" time="142.74"/>
  <testcase classname="Functional.ClaimPage" name="tc_009" time="3.305"/>
  <testcase classname="Functional.ClaimPage" name="tc_010" time="5.731"/>
</testsuite> <!-- ClaimModule -->
