<?xml version="1.0" encoding="UTF-8"?>
<!-- Generated by org.testng.reporters.JUnitXMLReporter -->
<testsuite ignored="0" hostname="DESKTOP-EENA1UC" failures="1" tests="10" name="DashboardModule" time="124.979" errors="0" timestamp="2026-01-02T11:22:48 IST">
  <testcase classname="Functional.DashboardPage" name="TC_001" time="1.274"/>
  <testcase classname="Functional.DashboardPage" name="TC_002" time="0.293"/>
  <testcase classname="Functional.DashboardPage" name="TC_003" time="5.17"/>
  <testcase classname="Functional.DashboardPage" name="TC_004" time="4.192"/>
  <testcase classname="Functional.DashboardPage" name="TC_005" time="3.483"/>
  <testcase classname="Functional.DashboardPage" name="TC_006" time="2.513"/>
  <testcase classname="Functional.DashboardPage" name="TC_007" time="2.355"/>
  <testcase classname="Functional.DashboardPage" name="TC_008" time="2.486"/>
  <testcase classname="Functional.DashboardPage" name="TC_009" time="0.108"/>
  <testcase classname="Functional.DashboardPage" name="TC_010" time="0.11">
    <failure type="java.lang.AssertionError" message="I failed it manually">
      <![CDATA[java.lang.AssertionError: I failed it manually
at Functional.DashboardPage.TC_010(DashboardPage.java:108)
at java.base/java.util.ArrayList.forEach(ArrayList.java:1596)
... Removed 26 stack frames]]>
    </failure>
  </testcase> <!-- TC_010 -->
</testsuite> <!-- DashboardModule -->
