<?xml version="1.0" encoding="UTF-8"?>
<!-- Generated by org.testng.reporters.JUnitXMLReporter -->
<testsuite ignored="0" hostname="DESKTOP-EENA1UC" failures="4" tests="10" name="LoginModule" time="142.762" errors="0" timestamp="2026-01-02T11:20:43 IST">
  <testcase classname="Functional.LoginPage" name="tc_001" time="0.952"/>
  <testcase classname="Functional.LoginPage" name="tc_002" time="1.06"/>
  <testcase classname="Functional.LoginPage" name="tc_003" time="1.764"/>
  <testcase classname="Functional.LoginPage" name="tc_004" time="2.425"/>
  <testcase classname="Functional.LoginPage" name="tc_005" time="1.128"/>
  <testcase classname="Functional.LoginPage" name="tc_006" time="4.746"/>
  <testcase classname="Functional.LoginPage" name="tc_008" time="6.178">
    <failure type="java.lang.AssertionError" message="testcase fail because of invalid data expected [true] but found [false]">
      <![CDATA[java.lang.AssertionError: testcase fail because of invalid data expected [true] but found [false]
at Functional.LoginPage.tc_008(LoginPage.java:100)
at java.base/java.util.ArrayList.forEach(ArrayList.java:1596)
... Removed 28 stack frames]]>
    </failure>
  </testcase> <!-- tc_008 -->
  <testcase classname="Functional.LoginPage" name="tc_009" time="6.742">
    <failure type="java.lang.AssertionError" message="testcase fail because of invalid data expected [true] but found [false]">
      <![CDATA[java.lang.AssertionError: testcase fail because of invalid data expected [true] but found [false]
at Functional.LoginPage.tc_009(LoginPage.java:112)
at java.base/java.util.ArrayList.forEach(ArrayList.java:1596)
... Removed 28 stack frames]]>
    </failure>
  </testcase> <!-- tc_009 -->
  <testcase classname="Functional.LoginPage" name="tc_010" time="4.584">
    <failure type="java.lang.AssertionError" message="testcase fail because of invalid data expected [true] but found [false]">
      <![CDATA[java.lang.AssertionError: testcase fail because of invalid data expected [true] but found [false]
at Functional.LoginPage.tc_010(LoginPage.java:124)
at java.base/java.util.ArrayList.forEach(ArrayList.java:1596)
... Removed 28 stack frames]]>
    </failure>
  </testcase> <!-- tc_010 -->
  <testcase classname="Functional.LoginPage" name="tc_007" time="4.499">
    <failure type="java.lang.AssertionError" message="testcase fail because of invalid data expected [true] but found [false]">
      <![CDATA[java.lang.AssertionError: testcase fail because of invalid data expected [true] but found [false]
at Functional.LoginPage.tc_007(LoginPage.java:87)
at java.base/java.util.ArrayList.forEach(ArrayList.java:1596)
... Removed 28 stack frames]]>
    </failure>
  </testcase> <!-- tc_007 -->
</testsuite> <!-- LoginModule -->
