<?xml version="1.0" encoding="UTF-8"?>
<!-- Generated by org.testng.reporters.JUnitXMLReporter -->
<testsuite ignored="0" hostname="DESKTOP-EENA1UC" failures="0" tests="10" name="MyInfoModule" time="269.832" errors="0" timestamp="2026-01-02T11:39:26 IST">
  <testcase classname="Functional.MyInfoPage" name="tc_001" time="2.557"/>
  <testcase classname="Functional.MyInfoPage" name="tc_002" time="5.003"/>
  <testcase classname="Functional.MyInfoPage" name="tc_003" time="9.871"/>
  <testcase classname="Functional.MyInfoPage" name="tc_004" time="5.685"/>
  <testcase classname="Functional.MyInfoPage" name="tc_005" time="8.333"/>
  <testcase classname="Functional.MyInfoPage" name="tc_006" time="9.821"/>
  <testcase classname="Functional.MyInfoPage" name="tc_007" time="12.519"/>
  <testcase classname="Functional.MyInfoPage" name="tc_008" time="9.693"/>
  <testcase classname="Functional.MyInfoPage" name="tc_009" time="10.184"/>
  <testcase classname="Functional.MyInfoPage" name="tc_010" time="20.675"/>
</testsuite> <!-- MyInfoModule -->
