<?xml version="1.0" encoding="UTF-8"?>
<!-- Generated by org.testng.reporters.JUnitXMLReporter -->
<testsuite ignored="0" hostname="DESKTOP-EENA1UC" failures="1" tests="10" name="PimModule" time="135.364" errors="0" timestamp="2026-01-02T11:27:18 IST">
  <testcase classname="Functional.PimPage" name="TC_001" time="1.972"/>
  <testcase classname="Functional.PimPage" name="TC_002" time="4.88"/>
  <testcase classname="Functional.PimPage" name="TC_003" time="4.226"/>
  <testcase classname="Functional.PimPage" name="TC_004" time="2.777"/>
  <testcase classname="Functional.PimPage" name="TC_005" time="3.888"/>
  <testcase classname="Functional.PimPage" name="TC_006" time="4.783"/>
  <testcase classname="Functional.PimPage" name="TC_007" time="3.511"/>
  <testcase classname="Functional.PimPage" name="TC_008" time="6.123"/>
  <testcase classname="Functional.PimPage" name="TC_009" time="5.28"/>
  <testcase classname="Functional.PimPage" name="TC_010" time="5.337">
    <failure type="java.lang.AssertionError" message="I failed it manually">
      <![CDATA[java.lang.AssertionError: I failed it manually
at Functional.PimPage.TC_010(PimPage.java:128)
at java.base/java.util.ArrayList.forEach(ArrayList.java:1596)
... Removed 26 stack frames]]>
    </failure>
  </testcase> <!-- TC_010 -->
</testsuite> <!-- PimModule -->
