<?xml version="1.0" encoding="UTF-8"?>
<!-- Generated by org.testng.reporters.JUnitXMLReporter -->
<testsuite ignored="0" hostname="DESKTOP-EENA1UC" failures="0" tests="10" name="RecruitmentModule" time="132.534" errors="0" timestamp="2026-01-02T11:34:56 IST">
  <testcase classname="Functional.RecruitmentPage" name="tc_001" time="5.126"/>
  <testcase classname="Functional.RecruitmentPage" name="tc_002" time="3.354"/>
  <testcase classname="Functional.RecruitmentPage" name="tc_003" time="3.567"/>
  <testcase classname="Functional.RecruitmentPage" name="tc_004" time="3.274"/>
  <testcase classname="Functional.RecruitmentPage" name="tc_005" time="2.919"/>
  <testcase classname="Functional.RecruitmentPage" name="tc_006" time="3.366"/>
  <testcase classname="Functional.RecruitmentPage" name="tc_007" time="4.806"/>
  <testcase classname="Functional.RecruitmentPage" name="tc_008" time="3.821"/>
  <testcase classname="Functional.RecruitmentPage" name="tc_009" time="4.627"/>
  <testcase classname="Functional.RecruitmentPage" name="tc_010" time="6.407"/>
</testsuite> <!-- RecruitmentModule -->
