<?xml version="1.0" encoding="UTF-8"?>
<!-- Generated by org.testng.reporters.JUnitXMLReporter -->
<testsuite ignored="0" hostname="DESKTOP-EENA1UC" failures="2" tests="10" name="TimeModule" time="141.746" errors="0" timestamp="2026-01-02T11:32:43 IST">
  <testcase classname="Functional.TimePage" name="tc_001" time="2.234"/>
  <testcase classname="Functional.TimePage" name="tc_002" time="5.033"/>
  <testcase classname="Functional.TimePage" name="tc_003" time="4.062"/>
  <testcase classname="Functional.TimePage" name="tc_004" time="3.846"/>
  <testcase classname="Functional.TimePage" name="tc_005" time="6.013">
    <failure type="java.lang.AssertionError" message="i failed it manually">
      <![CDATA[java.lang.AssertionError: i failed it manually
at Functional.TimePage.tc_005(TimePage.java:77)
at java.base/java.util.ArrayList.forEach(ArrayList.java:1596)
... Removed 26 stack frames]]>
    </failure>
  </testcase> <!-- tc_005 -->
  <testcase classname="Functional.TimePage" name="tc_006" time="5.398"/>
  <testcase classname="Functional.TimePage" name="tc_007" time="4.767"/>
  <testcase classname="Functional.TimePage" name="tc_008" time="4.304"/>
  <testcase classname="Functional.TimePage" name="tc_009" time="3.575">
    <failure type="java.lang.AssertionError" message="testcase fail expected [true] but found [false]">
      <![CDATA[java.lang.AssertionError: testcase fail expected [true] but found [false]
at Functional.TimePage.tc_009(TimePage.java:128)
at java.base/java.util.ArrayList.forEach(ArrayList.java:1596)
... Removed 28 stack frames]]>
    </failure>
  </testcase> <!-- tc_009 -->
  <testcase classname="Functional.TimePage" name="tc_010" time="4.949"/>
</testsuite> <!-- TimeModule -->
