<?xml version="1.0" encoding="UTF-8"?>
<!-- Generated by org.testng.reporters.JUnitReportReporter -->
<testsuite hostname="DESKTOP-EENA1UC" failures="0" tests="13" name="Functional.AdminPage" time="125.972" errors="3" timestamp="2026-01-02T11:47:22 IST" skipped="2">
  <testcase classname="Functional.AdminPage" name="TC_002" time="12.282">
    <system-out>
      <![CDATA[AdminPage-TC_002 is OnTestStart
testcase pass]]>
    </system-out>
  </testcase> <!-- TC_002 -->
  <testcase classname="Functional.AdminPage" name="TC_009" time="8.218">
    <skipped/>
  </testcase> <!-- TC_009 -->
  <testcase classname="Functional.AdminPage" name="TC_003" time="12.098">
    <system-out>
      <![CDATA[AdminPage-TC_003 is OnTestStart
testcase pass]]>
    </system-out>
  </testcase> <!-- TC_003 -->
  <testcase classname="Functional.AdminPage" name="TC_001" time="15.263">
    <system-out>
      <![CDATA[AdminPage-TC_001 is OnTestStart
testcase pass]]>
    </system-out>
  </testcase> <!-- TC_001 -->
  <testcase classname="Functional.AdminPage" name="logout" time="9.684">
    <error message="element click intercepted: Element &lt;li data-v-429cfcf3=&quot;&quot; data-v-bdd6d943=&quot;&quot; data-v-c286b6e5=&quot;&quot; class=&quot;oxd-userdropdown&quot;&gt;...&lt;/li&gt; is not clickable at point (1118, 33). Other element would receive the click: &lt;div data-v-bcfca726=&quot;&quot; data-v-126e9e0f=&quot;&quot; class=&quot;oxd-dialog-container-default&quot;&gt;...&lt;/div&gt;
  (Session info: chrome=143.0.7499.170)
Build info: version: &#039;4.18.0&#039;, revision: &#039;b6bf9de7cc*&#039;
System info: os.name: &#039;Windows 11&#039;, os.arch: &#039;amd64&#039;, os.version: &#039;10.0&#039;, java.version: &#039;21.0.6&#039;
Driver info: org.openqa.selenium.chrome.ChromeDriver
Command: [e1fe5b568e4c9b40890e0d940fc2bf99, clickElement {id=f.3AB226D618129F9C391A4B1C67DAA61B.d.038CDEF1058ABE9E3E8BEC040BA9BB52.e.323}]
Capabilities {acceptInsecureCerts: false, browserName: chrome, browserVersion: 143.0.7499.170, chrome: {chromedriverVersion: 143.0.7499.169 (164b20aab62..., userDataDir: C:\Users\Admin\AppData\Loca...}, fedcm:accounts: true, goog:chromeOptions: {debuggerAddress: localhost:53488}, goog:processID: 11112, networkConnectionEnabled: false, pageLoadStrategy: normal, platformName: windows, proxy: Proxy(), se:cdp: ws://localhost:53488/devtoo..., se:cdpVersion: 143.0.7499.170, setWindowRect: true, strictFileInteractability: false, timeouts: {implicit: 0, pageLoad: 300000, script: 30000}, unhandledPromptBehavior: dismiss and notify, webauthn:extension:credBlob: true, webauthn:extension:largeBlob: true, webauthn:extension:minPinLength: true, webauthn:extension:prf: true, webauthn:virtualAuthenticators: true}
Element: [[ChromeDriver: chrome on windows (e1fe5b568e4c9b40890e0d940fc2bf99)] -&gt; xpath: //li[@class=&#039;oxd-userdropdown&#039;]]
Session ID: e1fe5b568e4c9b40890e0d940fc2bf99" type="org.openqa.selenium.ElementClickInterceptedException">
      <![CDATA[org.openqa.selenium.ElementClickInterceptedException: element click intercepted: Element <li data-v-429cfcf3="" data-v-bdd6d943="" data-v-c286b6e5="" class="oxd-userdropdown">...</li> is not clickable at point (1118, 33). Other element would receive the click: <div data-v-bcfca726="" data-v-126e9e0f="" class="oxd-dialog-container-default">...</div>
  (Session info: chrome=143.0.7499.170)
Build info: version: '4.18.0', revision: 'b6bf9de7cc*'
System info: os.name: 'Windows 11', os.arch: 'amd64', os.version: '10.0', java.version: '21.0.6'
Driver info: org.openqa.selenium.chrome.ChromeDriver
Command: [e1fe5b568e4c9b40890e0d940fc2bf99, clickElement {id=f.3AB226D618129F9C391A4B1C67DAA61B.d.038CDEF1058ABE9E3E8BEC040BA9BB52.e.323}]
Capabilities {acceptInsecureCerts: false, browserName: chrome, browserVersion: 143.0.7499.170, chrome: {chromedriverVersion: 143.0.7499.169 (164b20aab62..., userDataDir: C:\Users\Admin\AppData\Loca...}, fedcm:accounts: true, goog:chromeOptions: {debuggerAddress: localhost:53488}, goog:processID: 11112, networkConnectionEnabled: false, pageLoadStrategy: normal, platformName: windows, proxy: Proxy(), se:cdp: ws://localhost:53488/devtoo..., se:cdpVersion: 143.0.7499.170, setWindowRect: true, strictFileInteractability: false, timeouts: {implicit: 0, pageLoad: 300000, script: 30000}, unhandledPromptBehavior: dismiss and notify, webauthn:extension:credBlob: true, webauthn:extension:largeBlob: true, webauthn:extension:minPinLength: true, webauthn:extension:prf: true, webauthn:virtualAuthenticators: true}
Element: [[ChromeDriver: chrome on windows (e1fe5b568e4c9b40890e0d940fc2bf99)] -> xpath: //li[@class='oxd-userdropdown']]
Session ID: e1fe5b568e4c9b40890e0d940fc2bf99
at java.base/jdk.internal.reflect.DirectConstructorHandleAccessor.newInstance(DirectConstructorHandleAccessor.java:62)
at java.base/java.lang.reflect.Constructor.newInstanceWithCaller(Constructor.java:502)
at java.base/java.lang.reflect.Constructor.newInstance(Constructor.java:486)
at org.openqa.selenium.remote.ErrorCodec.decode(ErrorCodec.java:167)
at org.openqa.selenium.remote.codec.w3c.W3CHttpResponseCodec.decode(W3CHttpResponseCodec.java:138)
at org.openqa.selenium.remote.codec.w3c.W3CHttpResponseCodec.decode(W3CHttpResponseCodec.java:50)
at org.openqa.selenium.remote.HttpCommandExecutor.execute(HttpCommandExecutor.java:190)
at org.openqa.selenium.remote.service.DriverCommandExecutor.invokeExecute(DriverCommandExecutor.java:216)
at org.openqa.selenium.remote.service.DriverCommandExecutor.execute(DriverCommandExecutor.java:174)
at org.openqa.selenium.remote.RemoteWebDriver.execute(RemoteWebDriver.java:519)
at org.openqa.selenium.remote.RemoteWebElement.execute(RemoteWebElement.java:223)
at org.openqa.selenium.remote.RemoteWebElement.click(RemoteWebElement.java:76)
at com.crm.BaseClass.Admin_BaseClass.logout(Admin_BaseClass.java:51)
at java.base/jdk.internal.reflect.DirectMethodHandleAccessor.invoke(DirectMethodHandleAccessor.java:103)
at java.base/java.lang.reflect.Method.invoke(Method.java:580)
at org.testng.internal.invokers.MethodInvocationHelper.invokeMethod(MethodInvocationHelper.java:141)
at org.testng.internal.invokers.MethodInvocationHelper.invokeMethodConsideringTimeout(MethodInvocationHelper.java:71)
at org.testng.internal.invokers.ConfigInvoker.invokeConfigurationMethod(ConfigInvoker.java:400)
at org.testng.internal.invokers.ConfigInvoker.invokeConfigurations(ConfigInvoker.java:333)
at org.testng.internal.invokers.TestInvoker.runConfigMethods(TestInvoker.java:836)
at org.testng.internal.invokers.TestInvoker.runAfterConfigurations(TestInvoker.java:805)
at org.testng.internal.invokers.TestInvoker.invokeMethod(TestInvoker.java:781)
at org.testng.internal.invokers.TestInvoker.invokeTestMethod(TestInvoker.java:230)
at org.testng.internal.invokers.MethodRunner.runInSequence(MethodRunner.java:63)
at org.testng.internal.invokers.TestInvoker$MethodInvocationAgent.invoke(TestInvoker.java:995)
at org.testng.internal.invokers.TestInvoker.invokeTestMethods(TestInvoker.java:203)
at org.testng.internal.invokers.TestMethodWorker.invokeTestMethods(TestMethodWorker.java:154)
at org.testng.internal.invokers.TestMethodWorker.run(TestMethodWorker.java:134)
at java.base/java.util.ArrayList.forEach(ArrayList.java:1596)
at org.testng.TestRunner.privateRun(TestRunner.java:741)
at org.testng.TestRunner.run(TestRunner.java:616)
at org.testng.SuiteRunner.runTest(SuiteRunner.java:421)
at org.testng.SuiteRunner.runSequentially(SuiteRunner.java:413)
at org.testng.SuiteRunner.privateRun(SuiteRunner.java:373)
at org.testng.SuiteRunner.run(SuiteRunner.java:312)
at org.testng.SuiteRunnerWorker.runSuite(SuiteRunnerWorker.java:52)
at org.testng.SuiteRunnerWorker.run(SuiteRunnerWorker.java:95)
at org.testng.TestNG.runSuitesSequentially(TestNG.java:1274)
at org.testng.TestNG.runSuitesLocally(TestNG.java:1208)
at org.testng.TestNG.runSuites(TestNG.java:1112)
at org.testng.TestNG.run(TestNG.java:1079)
at org.testng.remote.AbstractRemoteTestNG.run(AbstractRemoteTestNG.java:115)
at org.testng.remote.RemoteTestNG.initAndRun(RemoteTestNG.java:293)
at org.testng.remote.RemoteTestNG.main(RemoteTestNG.java:91)
]]>
    </error>
  </testcase> <!-- logout -->
  <testcase classname="Functional.AdminPage" name="TC_006" time="12.268">
    <system-out>
      <![CDATA[AdminPage-TC_006 is OnTestStart
invalid message is displayed,testcase pass]]>
    </system-out>
  </testcase> <!-- TC_006 -->
  <testcase classname="Functional.AdminPage" name="TC_004" time="13.134">
    <system-out>
      <![CDATA[AdminPage-TC_004 is OnTestStart
testcase pass]]>
    </system-out>
  </testcase> <!-- TC_004 -->
  <testcase classname="Functional.AdminPage" name="TC_005" time="9.161">
    <system-out>
      <![CDATA[AdminPage-TC_005 is OnTestStart
testcase pass]]>
    </system-out>
  </testcase> <!-- TC_005 -->
  <testcase classname="Functional.AdminPage" name="TC_010" time="0.000">
    <skipped/>
    <system-out>
      <![CDATA[OnFinish
OnStart]]>
    </system-out>
  </testcase> <!-- TC_010 -->
  <testcase classname="Functional.AdminPage" name="TC_007" time="8.856">
    <system-out>
      <![CDATA[AdminPage-TC_007 is OnTestStart
testcase pass]]>
    </system-out>
  </testcase> <!-- TC_007 -->
  <testcase classname="Functional.AdminPage" name="login" time="10.022">
    <error message="no such element: Unable to locate element: {&quot;method&quot;:&quot;css selector&quot;,&quot;selector&quot;:&quot;*[name=&#039;username&#039;]&quot;}
  (Session info: chrome=143.0.7499.170)
For documentation on this error, please visit: https://www.selenium.dev/documentation/webdriver/troubleshooting/errors#no-such-element-exception
Build info: version: &#039;4.18.0&#039;, revision: &#039;b6bf9de7cc*&#039;
System info: os.name: &#039;Windows 11&#039;, os.arch: &#039;amd64&#039;, os.version: &#039;10.0&#039;, java.version: &#039;21.0.6&#039;
Driver info: org.openqa.selenium.chrome.ChromeDriver
Command: [e1fe5b568e4c9b40890e0d940fc2bf99, findElement {using=name, value=username}]
Capabilities {acceptInsecureCerts: false, browserName: chrome, browserVersion: 143.0.7499.170, chrome: {chromedriverVersion: 143.0.7499.169 (164b20aab62..., userDataDir: C:\Users\Admin\AppData\Loca...}, fedcm:accounts: true, goog:chromeOptions: {debuggerAddress: localhost:53488}, goog:processID: 11112, networkConnectionEnabled: false, pageLoadStrategy: normal, platformName: windows, proxy: Proxy(), se:cdp: ws://localhost:53488/devtoo..., se:cdpVersion: 143.0.7499.170, setWindowRect: true, strictFileInteractability: false, timeouts: {implicit: 0, pageLoad: 300000, script: 30000}, unhandledPromptBehavior: dismiss and notify, webauthn:extension:credBlob: true, webauthn:extension:largeBlob: true, webauthn:extension:minPinLength: true, webauthn:extension:prf: true, webauthn:virtualAuthenticators: true}
Session ID: e1fe5b568e4c9b40890e0d940fc2bf99" type="org.openqa.selenium.NoSuchElementException">
      <![CDATA[org.openqa.selenium.NoSuchElementException: no such element: Unable to locate element: {"method":"css selector","selector":"*[name='username']"}
  (Session info: chrome=143.0.7499.170)
For documentation on this error, please visit: https://www.selenium.dev/documentation/webdriver/troubleshooting/errors#no-such-element-exception
Build info: version: '4.18.0', revision: 'b6bf9de7cc*'
System info: os.name: 'Windows 11', os.arch: 'amd64', os.version: '10.0', java.version: '21.0.6'
Driver info: org.openqa.selenium.chrome.ChromeDriver
Command: [e1fe5b568e4c9b40890e0d940fc2bf99, findElement {using=name, value=username}]
Capabilities {acceptInsecureCerts: false, browserName: chrome, browserVersion: 143.0.7499.170, chrome: {chromedriverVersion: 143.0.7499.169 (164b20aab62..., userDataDir: C:\Users\Admin\AppData\Loca...}, fedcm:accounts: true, goog:chromeOptions: {debuggerAddress: localhost:53488}, goog:processID: 11112, networkConnectionEnabled: false, pageLoadStrategy: normal, platformName: windows, proxy: Proxy(), se:cdp: ws://localhost:53488/devtoo..., se:cdpVersion: 143.0.7499.170, setWindowRect: true, strictFileInteractability: false, timeouts: {implicit: 0, pageLoad: 300000, script: 30000}, unhandledPromptBehavior: dismiss and notify, webauthn:extension:credBlob: true, webauthn:extension:largeBlob: true, webauthn:extension:minPinLength: true, webauthn:extension:prf: true, webauthn:virtualAuthenticators: true}
Session ID: e1fe5b568e4c9b40890e0d940fc2bf99
at java.base/jdk.internal.reflect.DirectConstructorHandleAccessor.newInstance(DirectConstructorHandleAccessor.java:62)
at java.base/java.lang.reflect.Constructor.newInstanceWithCaller(Constructor.java:502)
at java.base/java.lang.reflect.Constructor.newInstance(Constructor.java:486)
at org.openqa.selenium.remote.ErrorCodec.decode(ErrorCodec.java:167)
at org.openqa.selenium.remote.codec.w3c.W3CHttpResponseCodec.decode(W3CHttpResponseCodec.java:138)
at org.openqa.selenium.remote.codec.w3c.W3CHttpResponseCodec.decode(W3CHttpResponseCodec.java:50)
at org.openqa.selenium.remote.HttpCommandExecutor.execute(HttpCommandExecutor.java:190)
at org.openqa.selenium.remote.service.DriverCommandExecutor.invokeExecute(DriverCommandExecutor.java:216)
at org.openqa.selenium.remote.service.DriverCommandExecutor.execute(DriverCommandExecutor.java:174)
at org.openqa.selenium.remote.RemoteWebDriver.execute(RemoteWebDriver.java:519)
at org.openqa.selenium.remote.ElementLocation$ElementFinder$2.findElement(ElementLocation.java:165)
at org.openqa.selenium.remote.ElementLocation.findElement(ElementLocation.java:59)
at org.openqa.selenium.remote.RemoteWebDriver.findElement(RemoteWebDriver.java:356)
at org.openqa.selenium.remote.RemoteWebDriver.findElement(RemoteWebDriver.java:350)
at com.crm.BaseClass.Admin_BaseClass.login(Admin_BaseClass.java:43)
at java.base/jdk.internal.reflect.DirectMethodHandleAccessor.invoke(DirectMethodHandleAccessor.java:103)
at java.base/java.lang.reflect.Method.invoke(Method.java:580)
at org.testng.internal.invokers.MethodInvocationHelper.invokeMethod(MethodInvocationHelper.java:141)
at org.testng.internal.invokers.MethodInvocationHelper.invokeMethodConsideringTimeout(MethodInvocationHelper.java:71)
at org.testng.internal.invokers.ConfigInvoker.invokeConfigurationMethod(ConfigInvoker.java:400)
at org.testng.internal.invokers.ConfigInvoker.invokeConfigurations(ConfigInvoker.java:333)
at org.testng.internal.invokers.TestInvoker.runConfigMethods(TestInvoker.java:836)
at org.testng.internal.invokers.TestInvoker.invokeMethod(TestInvoker.java:601)
at org.testng.internal.invokers.TestInvoker.invokeTestMethod(TestInvoker.java:230)
at org.testng.internal.invokers.MethodRunner.runInSequence(MethodRunner.java:63)
at org.testng.internal.invokers.TestInvoker$MethodInvocationAgent.invoke(TestInvoker.java:995)
at org.testng.internal.invokers.TestInvoker.invokeTestMethods(TestInvoker.java:203)
at org.testng.internal.invokers.TestMethodWorker.invokeTestMethods(TestMethodWorker.java:154)
at org.testng.internal.invokers.TestMethodWorker.run(TestMethodWorker.java:134)
at java.base/java.util.ArrayList.forEach(ArrayList.java:1596)
at org.testng.TestRunner.privateRun(TestRunner.java:741)
at org.testng.TestRunner.run(TestRunner.java:616)
at org.testng.SuiteRunner.runTest(SuiteRunner.java:421)
at org.testng.SuiteRunner.runSequentially(SuiteRunner.java:413)
at org.testng.SuiteRunner.privateRun(SuiteRunner.java:373)
at org.testng.SuiteRunner.run(SuiteRunner.java:312)
at org.testng.SuiteRunnerWorker.runSuite(SuiteRunnerWorker.java:52)
at org.testng.SuiteRunnerWorker.run(SuiteRunnerWorker.java:95)
at org.testng.TestNG.runSuitesSequentially(TestNG.java:1274)
at org.testng.TestNG.runSuitesLocally(TestNG.java:1208)
at org.testng.TestNG.runSuites(TestNG.java:1112)
at org.testng.TestNG.run(TestNG.java:1079)
at org.testng.remote.AbstractRemoteTestNG.run(AbstractRemoteTestNG.java:115)
at org.testng.remote.RemoteTestNG.initAndRun(RemoteTestNG.java:293)
at org.testng.remote.RemoteTestNG.main(RemoteTestNG.java:91)
]]>
    </error>
  </testcase> <!-- login -->
  <testcase classname="Functional.AdminPage" name="TC_008" time="4.936">
    <system-out>
      <![CDATA[AdminPage-TC_008 is OnTestStart
testcase pass]]>
    </system-out>
  </testcase> <!-- TC_008 -->
  <testcase classname="Functional.AdminPage" name="login" time="10.050">
    <error message="no such element: Unable to locate element: {&quot;method&quot;:&quot;css selector&quot;,&quot;selector&quot;:&quot;*[name=&#039;username&#039;]&quot;}
  (Session info: chrome=143.0.7499.170)
For documentation on this error, please visit: https://www.selenium.dev/documentation/webdriver/troubleshooting/errors#no-such-element-exception
Build info: version: &#039;4.18.0&#039;, revision: &#039;b6bf9de7cc*&#039;
System info: os.name: &#039;Windows 11&#039;, os.arch: &#039;amd64&#039;, os.version: &#039;10.0&#039;, java.version: &#039;21.0.6&#039;
Driver info: org.openqa.selenium.chrome.ChromeDriver
Command: [e1fe5b568e4c9b40890e0d940fc2bf99, findElement {using=name, value=username}]
Capabilities {acceptInsecureCerts: false, browserName: chrome, browserVersion: 143.0.7499.170, chrome: {chromedriverVersion: 143.0.7499.169 (164b20aab62..., userDataDir: C:\Users\Admin\AppData\Loca...}, fedcm:accounts: true, goog:chromeOptions: {debuggerAddress: localhost:53488}, goog:processID: 11112, networkConnectionEnabled: false, pageLoadStrategy: normal, platformName: windows, proxy: Proxy(), se:cdp: ws://localhost:53488/devtoo..., se:cdpVersion: 143.0.7499.170, setWindowRect: true, strictFileInteractability: false, timeouts: {implicit: 0, pageLoad: 300000, script: 30000}, unhandledPromptBehavior: dismiss and notify, webauthn:extension:credBlob: true, webauthn:extension:largeBlob: true, webauthn:extension:minPinLength: true, webauthn:extension:prf: true, webauthn:virtualAuthenticators: true}
Session ID: e1fe5b568e4c9b40890e0d940fc2bf99" type="org.openqa.selenium.NoSuchElementException">
      <![CDATA[org.openqa.selenium.NoSuchElementException: no such element: Unable to locate element: {"method":"css selector","selector":"*[name='username']"}
  (Session info: chrome=143.0.7499.170)
For documentation on this error, please visit: https://www.selenium.dev/documentation/webdriver/troubleshooting/errors#no-such-element-exception
Build info: version: '4.18.0', revision: 'b6bf9de7cc*'
System info: os.name: 'Windows 11', os.arch: 'amd64', os.version: '10.0', java.version: '21.0.6'
Driver info: org.openqa.selenium.chrome.ChromeDriver
Command: [e1fe5b568e4c9b40890e0d940fc2bf99, findElement {using=name, value=username}]
Capabilities {acceptInsecureCerts: false, browserName: chrome, browserVersion: 143.0.7499.170, chrome: {chromedriverVersion: 143.0.7499.169 (164b20aab62..., userDataDir: C:\Users\Admin\AppData\Loca...}, fedcm:accounts: true, goog:chromeOptions: {debuggerAddress: localhost:53488}, goog:processID: 11112, networkConnectionEnabled: false, pageLoadStrategy: normal, platformName: windows, proxy: Proxy(), se:cdp: ws://localhost:53488/devtoo..., se:cdpVersion: 143.0.7499.170, setWindowRect: true, strictFileInteractability: false, timeouts: {implicit: 0, pageLoad: 300000, script: 30000}, unhandledPromptBehavior: dismiss and notify, webauthn:extension:credBlob: true, webauthn:extension:largeBlob: true, webauthn:extension:minPinLength: true, webauthn:extension:prf: true, webauthn:virtualAuthenticators: true}
Session ID: e1fe5b568e4c9b40890e0d940fc2bf99
at java.base/jdk.internal.reflect.DirectConstructorHandleAccessor.newInstance(DirectConstructorHandleAccessor.java:62)
at java.base/java.lang.reflect.Constructor.newInstanceWithCaller(Constructor.java:502)
at java.base/java.lang.reflect.Constructor.newInstance(Constructor.java:486)
at org.openqa.selenium.remote.ErrorCodec.decode(ErrorCodec.java:167)
at org.openqa.selenium.remote.codec.w3c.W3CHttpResponseCodec.decode(W3CHttpResponseCodec.java:138)
at org.openqa.selenium.remote.codec.w3c.W3CHttpResponseCodec.decode(W3CHttpResponseCodec.java:50)
at org.openqa.selenium.remote.HttpCommandExecutor.execute(HttpCommandExecutor.java:190)
at org.openqa.selenium.remote.service.DriverCommandExecutor.invokeExecute(DriverCommandExecutor.java:216)
at org.openqa.selenium.remote.service.DriverCommandExecutor.execute(DriverCommandExecutor.java:174)
at org.openqa.selenium.remote.RemoteWebDriver.execute(RemoteWebDriver.java:519)
at org.openqa.selenium.remote.ElementLocation$ElementFinder$2.findElement(ElementLocation.java:165)
at org.openqa.selenium.remote.ElementLocation.findElement(ElementLocation.java:59)
at org.openqa.selenium.remote.RemoteWebDriver.findElement(RemoteWebDriver.java:356)
at org.openqa.selenium.remote.RemoteWebDriver.findElement(RemoteWebDriver.java:350)
at com.crm.BaseClass.Admin_BaseClass.login(Admin_BaseClass.java:43)
at java.base/jdk.internal.reflect.DirectMethodHandleAccessor.invoke(DirectMethodHandleAccessor.java:103)
at java.base/java.lang.reflect.Method.invoke(Method.java:580)
at org.testng.internal.invokers.MethodInvocationHelper.invokeMethod(MethodInvocationHelper.java:141)
at org.testng.internal.invokers.MethodInvocationHelper.invokeMethodConsideringTimeout(MethodInvocationHelper.java:71)
at org.testng.internal.invokers.ConfigInvoker.invokeConfigurationMethod(ConfigInvoker.java:400)
at org.testng.internal.invokers.ConfigInvoker.invokeConfigurations(ConfigInvoker.java:333)
at org.testng.internal.invokers.TestInvoker.runConfigMethods(TestInvoker.java:836)
at org.testng.internal.invokers.TestInvoker.invokeMethod(TestInvoker.java:601)
at org.testng.internal.invokers.TestInvoker.invokeTestMethod(TestInvoker.java:230)
at org.testng.internal.invokers.MethodRunner.runInSequence(MethodRunner.java:63)
at org.testng.internal.invokers.TestInvoker$MethodInvocationAgent.invoke(TestInvoker.java:995)
at org.testng.internal.invokers.TestInvoker.invokeTestMethods(TestInvoker.java:203)
at org.testng.internal.invokers.TestMethodWorker.invokeTestMethods(TestMethodWorker.java:154)
at org.testng.internal.invokers.TestMethodWorker.run(TestMethodWorker.java:134)
at java.base/java.util.ArrayList.forEach(ArrayList.java:1596)
at org.testng.TestRunner.privateRun(TestRunner.java:741)
at org.testng.TestRunner.run(TestRunner.java:616)
at org.testng.SuiteRunner.runTest(SuiteRunner.java:421)
at org.testng.SuiteRunner.runSequentially(SuiteRunner.java:413)
at org.testng.SuiteRunner.privateRun(SuiteRunner.java:373)
at org.testng.SuiteRunner.run(SuiteRunner.java:312)
at org.testng.SuiteRunnerWorker.runSuite(SuiteRunnerWorker.java:52)
at org.testng.SuiteRunnerWorker.run(SuiteRunnerWorker.java:95)
at org.testng.TestNG.runSuitesSequentially(TestNG.java:1274)
at org.testng.TestNG.runSuitesLocally(TestNG.java:1208)
at org.testng.TestNG.runSuites(TestNG.java:1112)
at org.testng.TestNG.run(TestNG.java:1079)
at org.testng.remote.AbstractRemoteTestNG.run(AbstractRemoteTestNG.java:115)
at org.testng.remote.RemoteTestNG.initAndRun(RemoteTestNG.java:293)
at org.testng.remote.RemoteTestNG.main(RemoteTestNG.java:91)
]]>
    </error>
  </testcase> <!-- login -->
  <system-out>
    <![CDATA[OnStart
LoginPage-tc_001 is OnTestStart
testcase pass
LoginPage-tc_002 is OnTestStart
testcase pass
LoginPage-tc_003 is OnTestStart
testcase pass
LoginPage-tc_004 is OnTestStart
testcase pass
LoginPage-tc_005 is OnTestStart
testcase pass
LoginPage-tc_006 is OnTestStart
testcase pass
LoginPage-tc_008 is OnTestStart
LoginPage-tc_008 is OnTestFailure
LoginPage-tc_009 is OnTestStart
LoginPage-tc_009 is OnTestFailure
LoginPage-tc_010 is OnTestStart
LoginPage-tc_010 is OnTestFailure
LoginPage-tc_007 is OnTestStart
LoginPage-tc_007 is OnTestFailure
OnFinish
OnStart
DashboardPage-TC_001 is OnTestStart
testcase pass
DashboardPage-TC_002 is OnTestStart
testcase pass
DashboardPage-TC_003 is OnTestStart
testcase pass
DashboardPage-TC_004 is OnTestStart
testcase pass
DashboardPage-TC_005 is OnTestStart
testcase pass
DashboardPage-TC_006 is OnTestStart
testcase pass
DashboardPage-TC_007 is OnTestStart
testcase pass
DashboardPage-TC_008 is OnTestStart
testcase pass
DashboardPage-TC_009 is OnTestStart
testcase pass
DashboardPage-TC_010 is OnTestStart
DashboardPage-TC_010 is OnTestFailure
OnFinish
OnStart
AdminPage-TC_001 is OnTestStart
testcase pass
AdminPage-TC_002 is OnTestStart
testcase pass
AdminPage-TC_003 is OnTestStart
testcase pass
AdminPage-TC_004 is OnTestStart
testcase pass
AdminPage-TC_005 is OnTestStart
testcase pass
AdminPage-TC_006 is OnTestStart
invalid message is displayed,testcase pass
AdminPage-TC_007 is OnTestStart
testcase pass
AdminPage-TC_008 is OnTestStart
testcase pass
AdminPage-TC_009 is OnTestStart
AdminPage-TC_010 is OnTestStart
OnFinish
OnStart
PimPage-TC_001 is OnTestStart
testcase pass
PimPage-TC_002 is OnTestStart
testcase pass
PimPage-TC_003 is OnTestStart
testcase pass
PimPage-TC_004 is OnTestStart
testcase pass
PimPage-TC_005 is OnTestStart
testcase pass
PimPage-TC_006 is OnTestStart
testcase pass
PimPage-TC_007 is OnTestStart
testcase pass
PimPage-TC_008 is OnTestStart
testcase pass
PimPage-TC_009 is OnTestStart
testcase pass
PimPage-TC_010 is OnTestStart
testcase pass
PimPage-TC_010 is OnTestFailure
OnFinish
OnStart
LeavePage-TC_001 is OnTestStart
testcase pass
LeavePage-TC_002 is OnTestStart
testcase pass
LeavePage-TC_003 is OnTestStart
testcase pass
LeavePage-TC_004 is OnTestStart
testcase pass
LeavePage-TC_005 is OnTestStart
testcase pass
LeavePage-TC_006 is OnTestStart
testcase pass
LeavePage-TC_007 is OnTestStart
testcase pass
LeavePage-TC_008 is OnTestStart
testcase pass
LeavePage-TC_009 is OnTestStart
LeavePage-TC_009 is OnTestFailure
LeavePage-TC_010 is OnTestStart
OnFinish
OnStart
TimePage-tc_001 is OnTestStart
testcase pass
TimePage-tc_002 is OnTestStart
testcase pass
TimePage-tc_003 is OnTestStart
testcase pass
TimePage-tc_004 is OnTestStart
testcase pass
TimePage-tc_005 is OnTestStart
testcase pass
TimePage-tc_005 is OnTestFailure
TimePage-tc_006 is OnTestStart
testcase pass
TimePage-tc_007 is OnTestStart
testcase pass
TimePage-tc_008 is OnTestStart
testcase pass
TimePage-tc_009 is OnTestStart
TimePage-tc_009 is OnTestFailure
TimePage-tc_010 is OnTestStart
testcase pass
OnFinish
OnStart
RecruitmentPage-tc_001 is OnTestStart
testcase pass
RecruitmentPage-tc_002 is OnTestStart
testcase pass
RecruitmentPage-tc_003 is OnTestStart
testcase pass
RecruitmentPage-tc_004 is OnTestStart
testcase pass
RecruitmentPage-tc_005 is OnTestStart
testcase pass
RecruitmentPage-tc_006 is OnTestStart
testcase pass
RecruitmentPage-tc_007 is OnTestStart
testcase pass
RecruitmentPage-tc_008 is OnTestStart
testcase pass
RecruitmentPage-tc_009 is OnTestStart
testcase pass
RecruitmentPage-tc_010 is OnTestStart
testcase pass
OnFinish
OnStart
MyInfoPage-tc_001 is OnTestStart
testcase pass
MyInfoPage-tc_002 is OnTestStart
testcase pass
MyInfoPage-tc_003 is OnTestStart
testcase pass
MyInfoPage-tc_004 is OnTestStart
testcase pass
MyInfoPage-tc_005 is OnTestStart
testcase pass
MyInfoPage-tc_006 is OnTestStart
testcase pass
MyInfoPage-tc_007 is OnTestStart
testcase pass
MyInfoPage-tc_008 is OnTestStart
testcase pass
MyInfoPage-tc_009 is OnTestStart
testcase pass
MyInfoPage-tc_010 is OnTestStart
testcase pass
OnFinish
OnStart
PerformancePage-tc_001 is OnTestStart
testcase pass
PerformancePage-tc_002 is OnTestStart
testcase pass
PerformancePage-tc_003 is OnTestStart
testcase pass
PerformancePage-tc_004 is OnTestStart
testcase pass
PerformancePage-tc_005 is OnTestStart
testcase pass
PerformancePage-tc_006 is OnTestStart
testcase pass
PerformancePage-tc_007 is OnTestStart
PerformancePage-tc_007 is OnTestFailure
PerformancePage-tc_008 is OnTestStart
PerformancePage-tc_008 is OnTestFailure
PerformancePage-tc_009 is OnTestStart
testcase pass
PerformancePage-tc_010 is OnTestStart
testcase pass
OnFinish
OnStart
ClaimPage-tc_001 is OnTestStart
testcase pass
ClaimPage-tc_002 is OnTestStart
testcase pass
ClaimPage-tc_003 is OnTestStart
testcase pass
ClaimPage-tc_004 is OnTestStart
testcase pass
ClaimPage-tc_005 is OnTestStart
testcase pass
ClaimPage-tc_006 is OnTestStart
testcase pass
ClaimPage-tc_007 is OnTestStart
testcase pass
ClaimPage-tc_008 is OnTestStart
testcase pass
ClaimPage-tc_009 is OnTestStart
testcase pass
ClaimPage-tc_010 is OnTestStart
testcase pass]]>
  </system-out>
</testsuite> <!-- Functional.AdminPage -->
