<?xml version="1.0" encoding="UTF-8"?>
<!-- Generated by org.testng.reporters.JUnitReportReporter -->
<testsuite hostname="DESKTOP-EENA1UC" failures="0" tests="10" name="Functional.RecruitmentPage" time="123.137" errors="0" timestamp="2026-01-02T11:47:22 IST" skipped="0">
  <testcase classname="Functional.RecruitmentPage" name="tc_003" time="11.466">
    <system-out>
      <![CDATA[RecruitmentPage-tc_003 is OnTestStart
testcase pass]]>
    </system-out>
  </testcase> <!-- tc_003 -->
  <testcase classname="Functional.RecruitmentPage" name="tc_009" time="12.650">
    <system-out>
      <![CDATA[RecruitmentPage-tc_009 is OnTestStart
testcase pass]]>
    </system-out>
  </testcase> <!-- tc_009 -->
  <testcase classname="Functional.RecruitmentPage" name="tc_006" time="11.362">
    <system-out>
      <![CDATA[RecruitmentPage-tc_006 is OnTestStart
testcase pass]]>
    </system-out>
  </testcase> <!-- tc_006 -->
  <testcase classname="Functional.RecruitmentPage" name="tc_004" time="11.481">
    <system-out>
      <![CDATA[RecruitmentPage-tc_004 is OnTestStart
testcase pass]]>
    </system-out>
  </testcase> <!-- tc_004 -->
  <testcase classname="Functional.RecruitmentPage" name="tc_007" time="13.082">
    <system-out>
      <![CDATA[RecruitmentPage-tc_007 is OnTestStart
testcase pass]]>
    </system-out>
  </testcase> <!-- tc_007 -->
  <testcase classname="Functional.RecruitmentPage" name="tc_008" time="11.872">
    <system-out>
      <![CDATA[RecruitmentPage-tc_008 is OnTestStart
testcase pass]]>
    </system-out>
  </testcase> <!-- tc_008 -->
  <testcase classname="Functional.RecruitmentPage" name="tc_010" time="15.074">
    <system-out>
      <![CDATA[RecruitmentPage-tc_010 is OnTestStart
testcase pass]]>
    </system-out>
  </testcase> <!-- tc_010 -->
  <testcase classname="Functional.RecruitmentPage" name="tc_005" time="11.267">
    <system-out>
      <![CDATA[RecruitmentPage-tc_005 is OnTestStart
testcase pass]]>
    </system-out>
  </testcase> <!-- tc_005 -->
  <testcase classname="Functional.RecruitmentPage" name="tc_001" time="13.533">
    <system-out>
      <![CDATA[RecruitmentPage-tc_001 is OnTestStart
testcase pass]]>
    </system-out>
  </testcase> <!-- tc_001 -->
  <testcase classname="Functional.RecruitmentPage" name="tc_002" time="11.350">
    <system-out>
      <![CDATA[RecruitmentPage-tc_002 is OnTestStart
testcase pass]]>
    </system-out>
  </testcase> <!-- tc_002 -->
  <system-out>
    <![CDATA[OnStart
LoginPage-tc_001 is OnTestStart
testcase pass
LoginPage-tc_002 is OnTestStart
testcase pass
LoginPage-tc_003 is OnTestStart
testcase pass
LoginPage-tc_004 is OnTestStart
testcase pass
LoginPage-tc_005 is OnTestStart
testcase pass
LoginPage-tc_006 is OnTestStart
testcase pass
LoginPage-tc_008 is OnTestStart
LoginPage-tc_008 is OnTestFailure
LoginPage-tc_009 is OnTestStart
LoginPage-tc_009 is OnTestFailure
LoginPage-tc_010 is OnTestStart
LoginPage-tc_010 is OnTestFailure
LoginPage-tc_007 is OnTestStart
LoginPage-tc_007 is OnTestFailure
OnFinish
OnStart
DashboardPage-TC_001 is OnTestStart
testcase pass
DashboardPage-TC_002 is OnTestStart
testcase pass
DashboardPage-TC_003 is OnTestStart
testcase pass
DashboardPage-TC_004 is OnTestStart
testcase pass
DashboardPage-TC_005 is OnTestStart
testcase pass
DashboardPage-TC_006 is OnTestStart
testcase pass
DashboardPage-TC_007 is OnTestStart
testcase pass
DashboardPage-TC_008 is OnTestStart
testcase pass
DashboardPage-TC_009 is OnTestStart
testcase pass
DashboardPage-TC_010 is OnTestStart
DashboardPage-TC_010 is OnTestFailure
OnFinish
OnStart
AdminPage-TC_001 is OnTestStart
testcase pass
AdminPage-TC_002 is OnTestStart
testcase pass
AdminPage-TC_003 is OnTestStart
testcase pass
AdminPage-TC_004 is OnTestStart
testcase pass
AdminPage-TC_005 is OnTestStart
testcase pass
AdminPage-TC_006 is OnTestStart
invalid message is displayed,testcase pass
AdminPage-TC_007 is OnTestStart
testcase pass
AdminPage-TC_008 is OnTestStart
testcase pass
AdminPage-TC_009 is OnTestStart
AdminPage-TC_010 is OnTestStart
OnFinish
OnStart
PimPage-TC_001 is OnTestStart
testcase pass
PimPage-TC_002 is OnTestStart
testcase pass
PimPage-TC_003 is OnTestStart
testcase pass
PimPage-TC_004 is OnTestStart
testcase pass
PimPage-TC_005 is OnTestStart
testcase pass
PimPage-TC_006 is OnTestStart
testcase pass
PimPage-TC_007 is OnTestStart
testcase pass
PimPage-TC_008 is OnTestStart
testcase pass
PimPage-TC_009 is OnTestStart
testcase pass
PimPage-TC_010 is OnTestStart
testcase pass
PimPage-TC_010 is OnTestFailure
OnFinish
OnStart
LeavePage-TC_001 is OnTestStart
testcase pass
LeavePage-TC_002 is OnTestStart
testcase pass
LeavePage-TC_003 is OnTestStart
testcase pass
LeavePage-TC_004 is OnTestStart
testcase pass
LeavePage-TC_005 is OnTestStart
testcase pass
LeavePage-TC_006 is OnTestStart
testcase pass
LeavePage-TC_007 is OnTestStart
testcase pass
LeavePage-TC_008 is OnTestStart
testcase pass
LeavePage-TC_009 is OnTestStart
LeavePage-TC_009 is OnTestFailure
LeavePage-TC_010 is OnTestStart
OnFinish
OnStart
TimePage-tc_001 is OnTestStart
testcase pass
TimePage-tc_002 is OnTestStart
testcase pass
TimePage-tc_003 is OnTestStart
testcase pass
TimePage-tc_004 is OnTestStart
testcase pass
TimePage-tc_005 is OnTestStart
testcase pass
TimePage-tc_005 is OnTestFailure
TimePage-tc_006 is OnTestStart
testcase pass
TimePage-tc_007 is OnTestStart
testcase pass
TimePage-tc_008 is OnTestStart
testcase pass
TimePage-tc_009 is OnTestStart
TimePage-tc_009 is OnTestFailure
TimePage-tc_010 is OnTestStart
testcase pass
OnFinish
OnStart
RecruitmentPage-tc_001 is OnTestStart
testcase pass
RecruitmentPage-tc_002 is OnTestStart
testcase pass
RecruitmentPage-tc_003 is OnTestStart
testcase pass
RecruitmentPage-tc_004 is OnTestStart
testcase pass
RecruitmentPage-tc_005 is OnTestStart
testcase pass
RecruitmentPage-tc_006 is OnTestStart
testcase pass
RecruitmentPage-tc_007 is OnTestStart
testcase pass
RecruitmentPage-tc_008 is OnTestStart
testcase pass
RecruitmentPage-tc_009 is OnTestStart
testcase pass
RecruitmentPage-tc_010 is OnTestStart
testcase pass
OnFinish
OnStart
MyInfoPage-tc_001 is OnTestStart
testcase pass
MyInfoPage-tc_002 is OnTestStart
testcase pass
MyInfoPage-tc_003 is OnTestStart
testcase pass
MyInfoPage-tc_004 is OnTestStart
testcase pass
MyInfoPage-tc_005 is OnTestStart
testcase pass
MyInfoPage-tc_006 is OnTestStart
testcase pass
MyInfoPage-tc_007 is OnTestStart
testcase pass
MyInfoPage-tc_008 is OnTestStart
testcase pass
MyInfoPage-tc_009 is OnTestStart
testcase pass
MyInfoPage-tc_010 is OnTestStart
testcase pass
OnFinish
OnStart
PerformancePage-tc_001 is OnTestStart
testcase pass
PerformancePage-tc_002 is OnTestStart
testcase pass
PerformancePage-tc_003 is OnTestStart
testcase pass
PerformancePage-tc_004 is OnTestStart
testcase pass
PerformancePage-tc_005 is OnTestStart
testcase pass
PerformancePage-tc_006 is OnTestStart
testcase pass
PerformancePage-tc_007 is OnTestStart
PerformancePage-tc_007 is OnTestFailure
PerformancePage-tc_008 is OnTestStart
PerformancePage-tc_008 is OnTestFailure
PerformancePage-tc_009 is OnTestStart
testcase pass
PerformancePage-tc_010 is OnTestStart
testcase pass
OnFinish
OnStart
ClaimPage-tc_001 is OnTestStart
testcase pass
ClaimPage-tc_002 is OnTestStart
testcase pass
ClaimPage-tc_003 is OnTestStart
testcase pass
ClaimPage-tc_004 is OnTestStart
testcase pass
ClaimPage-tc_005 is OnTestStart
testcase pass
ClaimPage-tc_006 is OnTestStart
testcase pass
ClaimPage-tc_007 is OnTestStart
testcase pass
ClaimPage-tc_008 is OnTestStart
testcase pass
ClaimPage-tc_009 is OnTestStart
testcase pass
ClaimPage-tc_010 is OnTestStart
testcase pass]]>
  </system-out>
</testsuite> <!-- Functional.RecruitmentPage -->
