<?xml version="1.0" encoding="UTF-8"?>
<!-- Generated by org.testng.reporters.JUnitReportReporter -->
<testsuite hostname="DESKTOP-EENA1UC" failures="1" tests="10" name="Functional.DashboardPage" time="112.327" errors="0" timestamp="2026-01-02T11:47:22 IST" skipped="0">
  <testcase classname="Functional.DashboardPage" name="TC_002" time="9.643">
    <system-out>
      <![CDATA[DashboardPage-TC_002 is OnTestStart
testcase pass]]>
    </system-out>
  </testcase> <!-- TC_002 -->
  <testcase classname="Functional.DashboardPage" name="TC_008" time="11.163">
    <system-out>
      <![CDATA[DashboardPage-TC_008 is OnTestStart
testcase pass]]>
    </system-out>
  </testcase> <!-- TC_008 -->
  <testcase classname="Functional.DashboardPage" name="TC_007" time="11.343">
    <system-out>
      <![CDATA[DashboardPage-TC_007 is OnTestStart
testcase pass]]>
    </system-out>
  </testcase> <!-- TC_007 -->
  <testcase classname="Functional.DashboardPage" name="TC_001" time="11.456">
    <system-out>
      <![CDATA[DashboardPage-TC_001 is OnTestStart
testcase pass]]>
    </system-out>
  </testcase> <!-- TC_001 -->
  <testcase classname="Functional.DashboardPage" name="TC_004" time="12.664">
    <system-out>
      <![CDATA[DashboardPage-TC_004 is OnTestStart
testcase pass]]>
    </system-out>
  </testcase> <!-- TC_004 -->
  <testcase classname="Functional.DashboardPage" name="TC_010" time="8.363">
    <failure message="I failed it manually" type="java.lang.AssertionError">
      <![CDATA[java.lang.AssertionError: I failed it manually
at org.testng.Assert.fail(Assert.java:111)
at Functional.DashboardPage.TC_010(DashboardPage.java:108)
at java.base/jdk.internal.reflect.DirectMethodHandleAccessor.invoke(DirectMethodHandleAccessor.java:103)
at java.base/java.lang.reflect.Method.invoke(Method.java:580)
at org.testng.internal.invokers.MethodInvocationHelper.invokeMethod(MethodInvocationHelper.java:141)
at org.testng.internal.invokers.TestInvoker.invokeMethod(TestInvoker.java:687)
at org.testng.internal.invokers.TestInvoker.invokeTestMethod(TestInvoker.java:230)
at org.testng.internal.invokers.MethodRunner.runInSequence(MethodRunner.java:63)
at org.testng.internal.invokers.TestInvoker$MethodInvocationAgent.invoke(TestInvoker.java:995)
at org.testng.internal.invokers.TestInvoker.invokeTestMethods(TestInvoker.java:203)
at org.testng.internal.invokers.TestMethodWorker.invokeTestMethods(TestMethodWorker.java:154)
at org.testng.internal.invokers.TestMethodWorker.run(TestMethodWorker.java:134)
at java.base/java.util.ArrayList.forEach(ArrayList.java:1596)
at org.testng.TestRunner.privateRun(TestRunner.java:741)
at org.testng.TestRunner.run(TestRunner.java:616)
at org.testng.SuiteRunner.runTest(SuiteRunner.java:421)
at org.testng.SuiteRunner.runSequentially(SuiteRunner.java:413)
at org.testng.SuiteRunner.privateRun(SuiteRunner.java:373)
at org.testng.SuiteRunner.run(SuiteRunner.java:312)
at org.testng.SuiteRunnerWorker.runSuite(SuiteRunnerWorker.java:52)
at org.testng.SuiteRunnerWorker.run(SuiteRunnerWorker.java:95)
at org.testng.TestNG.runSuitesSequentially(TestNG.java:1274)
at org.testng.TestNG.runSuitesLocally(TestNG.java:1208)
at org.testng.TestNG.runSuites(TestNG.java:1112)
at org.testng.TestNG.run(TestNG.java:1079)
at org.testng.remote.AbstractRemoteTestNG.run(AbstractRemoteTestNG.java:115)
at org.testng.remote.RemoteTestNG.initAndRun(RemoteTestNG.java:293)
at org.testng.remote.RemoteTestNG.main(RemoteTestNG.java:91)
]]>
    </failure>
    <system-out>
      <![CDATA[DashboardPage-TC_010 is OnTestStart
DashboardPage-TC_010 is OnTestFailure]]>
    </system-out>
  </testcase> <!-- TC_010 -->
  <testcase classname="Functional.DashboardPage" name="TC_009" time="9.383">
    <system-out>
      <![CDATA[DashboardPage-TC_009 is OnTestStart
testcase pass]]>
    </system-out>
  </testcase> <!-- TC_009 -->
  <testcase classname="Functional.DashboardPage" name="TC_005" time="12.074">
    <system-out>
      <![CDATA[DashboardPage-TC_005 is OnTestStart
testcase pass]]>
    </system-out>
  </testcase> <!-- TC_005 -->
  <testcase classname="Functional.DashboardPage" name="TC_003" time="14.728">
    <system-out>
      <![CDATA[DashboardPage-TC_003 is OnTestStart
testcase pass]]>
    </system-out>
  </testcase> <!-- TC_003 -->
  <testcase classname="Functional.DashboardPage" name="TC_006" time="11.510">
    <system-out>
      <![CDATA[DashboardPage-TC_006 is OnTestStart
testcase pass]]>
    </system-out>
  </testcase> <!-- TC_006 -->
  <system-out>
    <![CDATA[OnStart
LoginPage-tc_001 is OnTestStart
testcase pass
LoginPage-tc_002 is OnTestStart
testcase pass
LoginPage-tc_003 is OnTestStart
testcase pass
LoginPage-tc_004 is OnTestStart
testcase pass
LoginPage-tc_005 is OnTestStart
testcase pass
LoginPage-tc_006 is OnTestStart
testcase pass
LoginPage-tc_008 is OnTestStart
LoginPage-tc_008 is OnTestFailure
LoginPage-tc_009 is OnTestStart
LoginPage-tc_009 is OnTestFailure
LoginPage-tc_010 is OnTestStart
LoginPage-tc_010 is OnTestFailure
LoginPage-tc_007 is OnTestStart
LoginPage-tc_007 is OnTestFailure
OnFinish
OnStart
DashboardPage-TC_001 is OnTestStart
testcase pass
DashboardPage-TC_002 is OnTestStart
testcase pass
DashboardPage-TC_003 is OnTestStart
testcase pass
DashboardPage-TC_004 is OnTestStart
testcase pass
DashboardPage-TC_005 is OnTestStart
testcase pass
DashboardPage-TC_006 is OnTestStart
testcase pass
DashboardPage-TC_007 is OnTestStart
testcase pass
DashboardPage-TC_008 is OnTestStart
testcase pass
DashboardPage-TC_009 is OnTestStart
testcase pass
DashboardPage-TC_010 is OnTestStart
DashboardPage-TC_010 is OnTestFailure
OnFinish
OnStart
AdminPage-TC_001 is OnTestStart
testcase pass
AdminPage-TC_002 is OnTestStart
testcase pass
AdminPage-TC_003 is OnTestStart
testcase pass
AdminPage-TC_004 is OnTestStart
testcase pass
AdminPage-TC_005 is OnTestStart
testcase pass
AdminPage-TC_006 is OnTestStart
invalid message is displayed,testcase pass
AdminPage-TC_007 is OnTestStart
testcase pass
AdminPage-TC_008 is OnTestStart
testcase pass
AdminPage-TC_009 is OnTestStart
AdminPage-TC_010 is OnTestStart
OnFinish
OnStart
PimPage-TC_001 is OnTestStart
testcase pass
PimPage-TC_002 is OnTestStart
testcase pass
PimPage-TC_003 is OnTestStart
testcase pass
PimPage-TC_004 is OnTestStart
testcase pass
PimPage-TC_005 is OnTestStart
testcase pass
PimPage-TC_006 is OnTestStart
testcase pass
PimPage-TC_007 is OnTestStart
testcase pass
PimPage-TC_008 is OnTestStart
testcase pass
PimPage-TC_009 is OnTestStart
testcase pass
PimPage-TC_010 is OnTestStart
testcase pass
PimPage-TC_010 is OnTestFailure
OnFinish
OnStart
LeavePage-TC_001 is OnTestStart
testcase pass
LeavePage-TC_002 is OnTestStart
testcase pass
LeavePage-TC_003 is OnTestStart
testcase pass
LeavePage-TC_004 is OnTestStart
testcase pass
LeavePage-TC_005 is OnTestStart
testcase pass
LeavePage-TC_006 is OnTestStart
testcase pass
LeavePage-TC_007 is OnTestStart
testcase pass
LeavePage-TC_008 is OnTestStart
testcase pass
LeavePage-TC_009 is OnTestStart
LeavePage-TC_009 is OnTestFailure
LeavePage-TC_010 is OnTestStart
OnFinish
OnStart
TimePage-tc_001 is OnTestStart
testcase pass
TimePage-tc_002 is OnTestStart
testcase pass
TimePage-tc_003 is OnTestStart
testcase pass
TimePage-tc_004 is OnTestStart
testcase pass
TimePage-tc_005 is OnTestStart
testcase pass
TimePage-tc_005 is OnTestFailure
TimePage-tc_006 is OnTestStart
testcase pass
TimePage-tc_007 is OnTestStart
testcase pass
TimePage-tc_008 is OnTestStart
testcase pass
TimePage-tc_009 is OnTestStart
TimePage-tc_009 is OnTestFailure
TimePage-tc_010 is OnTestStart
testcase pass
OnFinish
OnStart
RecruitmentPage-tc_001 is OnTestStart
testcase pass
RecruitmentPage-tc_002 is OnTestStart
testcase pass
RecruitmentPage-tc_003 is OnTestStart
testcase pass
RecruitmentPage-tc_004 is OnTestStart
testcase pass
RecruitmentPage-tc_005 is OnTestStart
testcase pass
RecruitmentPage-tc_006 is OnTestStart
testcase pass
RecruitmentPage-tc_007 is OnTestStart
testcase pass
RecruitmentPage-tc_008 is OnTestStart
testcase pass
RecruitmentPage-tc_009 is OnTestStart
testcase pass
RecruitmentPage-tc_010 is OnTestStart
testcase pass
OnFinish
OnStart
MyInfoPage-tc_001 is OnTestStart
testcase pass
MyInfoPage-tc_002 is OnTestStart
testcase pass
MyInfoPage-tc_003 is OnTestStart
testcase pass
MyInfoPage-tc_004 is OnTestStart
testcase pass
MyInfoPage-tc_005 is OnTestStart
testcase pass
MyInfoPage-tc_006 is OnTestStart
testcase pass
MyInfoPage-tc_007 is OnTestStart
testcase pass
MyInfoPage-tc_008 is OnTestStart
testcase pass
MyInfoPage-tc_009 is OnTestStart
testcase pass
MyInfoPage-tc_010 is OnTestStart
testcase pass
OnFinish
OnStart
PerformancePage-tc_001 is OnTestStart
testcase pass
PerformancePage-tc_002 is OnTestStart
testcase pass
PerformancePage-tc_003 is OnTestStart
testcase pass
PerformancePage-tc_004 is OnTestStart
testcase pass
PerformancePage-tc_005 is OnTestStart
testcase pass
PerformancePage-tc_006 is OnTestStart
testcase pass
PerformancePage-tc_007 is OnTestStart
PerformancePage-tc_007 is OnTestFailure
PerformancePage-tc_008 is OnTestStart
PerformancePage-tc_008 is OnTestFailure
PerformancePage-tc_009 is OnTestStart
testcase pass
PerformancePage-tc_010 is OnTestStart
testcase pass
OnFinish
OnStart
ClaimPage-tc_001 is OnTestStart
testcase pass
ClaimPage-tc_002 is OnTestStart
testcase pass
ClaimPage-tc_003 is OnTestStart
testcase pass
ClaimPage-tc_004 is OnTestStart
testcase pass
ClaimPage-tc_005 is OnTestStart
testcase pass
ClaimPage-tc_006 is OnTestStart
testcase pass
ClaimPage-tc_007 is OnTestStart
testcase pass
ClaimPage-tc_008 is OnTestStart
testcase pass
ClaimPage-tc_009 is OnTestStart
testcase pass
ClaimPage-tc_010 is OnTestStart
testcase pass]]>
  </system-out>
</testsuite> <!-- Functional.DashboardPage -->
