<?xml version="1.0" encoding="UTF-8"?>
<!-- Generated by org.testng.reporters.JUnitReportReporter -->
<testsuite hostname="DESKTOP-EENA1UC" failures="1" tests="6" name="Login.LoginPage" time="63.934" errors="0" timestamp="2025-12-17T12:59:27 IST" skipped="0">
  <testcase classname="Login.LoginPage" name="tc_002" time="8.823">
    <system-out>
      <![CDATA[tc_002 is OnTestStart
testcase pass]]>
    </system-out>
  </testcase> <!-- tc_002 -->
  <testcase classname="Login.LoginPage" name="tc_005" time="8.487">
    <system-out>
      <![CDATA[tc_005 is OnTestStart
testcase pass]]>
    </system-out>
  </testcase> <!-- tc_005 -->
  <testcase classname="Login.LoginPage" name="tc_006" time="10.794">
    <system-out>
      <![CDATA[tc_006 is OnTestStart
testcase pass]]>
    </system-out>
  </testcase> <!-- tc_006 -->
  <testcase classname="Login.LoginPage" name="tc_004" time="16.516">
    <failure message="Invalid credentials – testcase failed expected [true] but found [false]" type="java.lang.AssertionError">
      <![CDATA[java.lang.AssertionError: Invalid credentials – testcase failed expected [true] but found [false]
at org.testng.Assert.fail(Assert.java:111)
at org.testng.Assert.failNotEquals(Assert.java:1590)
at org.testng.Assert.assertTrue(Assert.java:57)
at Login.LoginPage.tc_004(LoginPage.java:55)
at java.base/jdk.internal.reflect.DirectMethodHandleAccessor.invoke(DirectMethodHandleAccessor.java:103)
at java.base/java.lang.reflect.Method.invoke(Method.java:580)
at org.testng.internal.invokers.MethodInvocationHelper.invokeMethod(MethodInvocationHelper.java:141)
at org.testng.internal.invokers.TestInvoker.invokeMethod(TestInvoker.java:687)
at org.testng.internal.invokers.TestInvoker.invokeTestMethod(TestInvoker.java:230)
at org.testng.internal.invokers.MethodRunner.runInSequence(MethodRunner.java:63)
at org.testng.internal.invokers.TestInvoker$MethodInvocationAgent.invoke(TestInvoker.java:995)
at org.testng.internal.invokers.TestInvoker.invokeTestMethods(TestInvoker.java:203)
at org.testng.internal.invokers.TestMethodWorker.invokeTestMethods(TestMethodWorker.java:154)
at org.testng.internal.invokers.TestMethodWorker.run(TestMethodWorker.java:134)
at java.base/java.util.ArrayList.forEach(ArrayList.java:1596)
at org.testng.TestRunner.privateRun(TestRunner.java:741)
at org.testng.TestRunner.run(TestRunner.java:616)
at org.testng.SuiteRunner.runTest(SuiteRunner.java:421)
at org.testng.SuiteRunner.runSequentially(SuiteRunner.java:413)
at org.testng.SuiteRunner.privateRun(SuiteRunner.java:373)
at org.testng.SuiteRunner.run(SuiteRunner.java:312)
at org.testng.SuiteRunnerWorker.runSuite(SuiteRunnerWorker.java:52)
at org.testng.SuiteRunnerWorker.run(SuiteRunnerWorker.java:95)
at org.testng.TestNG.runSuitesSequentially(TestNG.java:1274)
at org.testng.TestNG.runSuitesLocally(TestNG.java:1208)
at org.testng.TestNG.runSuites(TestNG.java:1112)
at org.testng.TestNG.run(TestNG.java:1079)
at org.testng.remote.AbstractRemoteTestNG.run(AbstractRemoteTestNG.java:115)
at org.testng.remote.RemoteTestNG.initAndRun(RemoteTestNG.java:293)
at org.testng.remote.RemoteTestNG.main(RemoteTestNG.java:91)
]]>
    </failure>
    <system-out>
      <![CDATA[tc_004 is OnTestStart
tc_004 is OnTestFailure]]>
    </system-out>
  </testcase> <!-- tc_004 -->
  <testcase classname="Login.LoginPage" name="tc_001" time="8.173">
    <system-out>
      <![CDATA[tc_001 is OnTestStart
testcase pass]]>
    </system-out>
  </testcase> <!-- tc_001 -->
  <testcase classname="Login.LoginPage" name="tc_003" time="11.141">
    <system-out>
      <![CDATA[tc_003 is OnTestStart
testcase pass]]>
    </system-out>
  </testcase> <!-- tc_003 -->
  <system-out>
    <![CDATA[OnStart
tc_001 is OnTestStart
testcase pass
tc_002 is OnTestStart
testcase pass
tc_003 is OnTestStart
testcase pass
tc_004 is OnTestStart
tc_004 is OnTestFailure
tc_005 is OnTestStart
testcase pass
tc_006 is OnTestStart
testcase pass]]>
  </system-out>
</testsuite> <!-- Login.LoginPage -->
